2021-07-22 10:42:28,832 - main.py[line:21] - INFO: 墨甲导览机器人启动入口
2021-07-22 10:44:51,314 - main.py[line:21] - INFO: 墨甲导览机器人启动入口
2021-07-22 10:44:51,419 - speechRecognitionMode.py[line:131] - INFO: 语音识别模块入口
2021-07-22 10:44:51,430 - mapRouteSettingMode.py[line:16] - INFO: 地图路线设置模块入口
2021-07-22 10:44:51,536 - dualRobotInteractionMode.py[line:135] - INFO: 双机器人互动模块入口
2021-07-22 10:44:51,537 - positionInformationFromChassisMode.py[line:47] - INFO: 底盘交互模块模块入口
2021-07-22 10:45:09,006 - speechRecognitionMode.py[line:179] - INFO: 没有唤醒！！

2021-07-22 10:45:26,180 - speechRecognitionMode.py[line:179] - INFO: 没有唤醒！！

2021-07-22 10:45:31,344 - speechRecognitionMode.py[line:143] - INFO: 唤醒成功！！

2021-07-22 10:45:31,375 - speechRecognitionMode.py[line:68] - INFO: 唤醒词音频为wakeUpResponse_woxiangxiabanqingbuyaojiaowoo.mp3
2021-07-22 10:45:34,573 - speechRecognitionMode.py[line:42] - INFO: 对话应答已回复！！

2021-07-22 10:45:40,324 - speechRecognitionMode.py[line:152] - INFO: mojaAsr:有这个，但是反应不是很强烈。
2021-07-22 10:45:41,367 - speechRecognitionMode.py[line:168] - INFO: intent: 
slots: []
2021-07-22 10:45:44,182 - speechRecognitionMode.py[line:42] - INFO: 对话应答已回复！！

2021-07-22 10:46:26,002 - main.py[line:21] - INFO: 墨甲导览机器人启动入口
2021-07-22 10:46:26,069 - speechRecognitionMode.py[line:131] - INFO: 语音识别模块入口
2021-07-22 10:46:26,075 - mapRouteSettingMode.py[line:16] - INFO: 地图路线设置模块入口
2021-07-22 10:46:26,076 - dualRobotInteractionMode.py[line:135] - INFO: 双机器人互动模块入口
2021-07-22 10:46:26,077 - positionInformationFromChassisMode.py[line:47] - INFO: 底盘交互模块模块入口
2021-07-22 10:46:30,878 - speechRecognitionMode.py[line:143] - INFO: 唤醒成功！！

2021-07-22 10:46:30,879 - speechRecognitionMode.py[line:68] - INFO: 唤醒词音频为wakeUpResponse_woxiangxiabanqingbuyaojiaowoo.mp3
2021-07-22 10:46:33,704 - speechRecognitionMode.py[line:42] - INFO: 对话应答已回复！！

2021-07-22 10:46:39,778 - speechRecognitionMode.py[line:152] - INFO: mojaAsr:走了。
2021-07-22 10:46:40,289 - speechRecognitionMode.py[line:168] - INFO: intent: 
slots: []
2021-07-22 10:46:43,154 - speechRecognitionMode.py[line:42] - INFO: 对话应答已回复！！

2021-07-22 10:46:59,700 - speechRecognitionMode.py[line:179] - INFO: 没有唤醒！！

2021-07-22 10:47:15,245 - speechRecognitionMode.py[line:143] - INFO: 唤醒成功！！

2021-07-22 10:47:15,246 - speechRecognitionMode.py[line:68] - INFO: 唤醒词音频为wakeUpResponse_woxianzaibuxiangshuohua.mp3
2021-07-22 10:47:17,201 - speechRecognitionMode.py[line:42] - INFO: 对话应答已回复！！

2021-07-22 10:47:22,079 - speechRecognitionMode.py[line:152] - INFO: mojaAsr:带我去导览。
2021-07-22 10:47:22,732 - speechRecognitionMode.py[line:168] - INFO: intent: GUIDE
slots: [{'word_type': '', 'fuzzy_matches': [], 'confidence': 100.0, 'length': 2, 'name': 'user_guide', 'original_word': '导览', 'sub_slots': [], 'session_offset': 0, 'normalized_word': '导览', 'begin': 3, 'merge_method': 'ADD'}]
2021-07-22 10:47:25,176 - speechRecognitionMode.py[line:42] - INFO: 对话应答已回复！！

2021-07-22 11:21:29,873 - main.py[line:21] - INFO: 墨甲导览机器人启动入口
2021-07-22 11:21:29,940 - speechRecognitionMode.py[line:131] - INFO: 语音识别模块入口
2021-07-22 11:21:30,068 - mapRouteSettingMode.py[line:16] - INFO: 地图路线设置模块入口
2021-07-22 11:21:30,069 - dualRobotInteractionMode.py[line:135] - INFO: 双机器人互动模块入口
2021-07-22 11:21:30,070 - positionInformationFromChassisMode.py[line:47] - INFO: 底盘交互模块模块入口
2021-07-22 11:21:30,260 - speechRecognitionMode.py[line:179] - INFO: 没有唤醒！！

2021-07-22 11:21:30,324 - speechRecognitionMode.py[line:179] - INFO: 没有唤醒！！

2021-07-22 11:21:30,389 - speechRecognitionMode.py[line:179] - INFO: 没有唤醒！！

2021-07-22 11:21:30,466 - speechRecognitionMode.py[line:179] - INFO: 没有唤醒！！

2021-07-22 11:21:30,576 - speechRecognitionMode.py[line:179] - INFO: 没有唤醒！！

2021-07-22 11:21:30,669 - speechRecognitionMode.py[line:179] - INFO: 没有唤醒！！

2021-07-22 11:21:30,746 - speechRecognitionMode.py[line:179] - INFO: 没有唤醒！！

2021-07-22 11:21:30,824 - speechRecognitionMode.py[line:179] - INFO: 没有唤醒！！

2021-07-22 11:21:30,856 - speechRecognitionMode.py[line:179] - INFO: 没有唤醒！！

2021-07-22 11:21:30,904 - speechRecognitionMode.py[line:179] - INFO: 没有唤醒！！

2021-07-22 11:21:30,999 - speechRecognitionMode.py[line:179] - INFO: 没有唤醒！！

2021-07-22 11:21:31,076 - speechRecognitionMode.py[line:179] - INFO: 没有唤醒！！

2021-07-22 11:21:31,187 - speechRecognitionMode.py[line:179] - INFO: 没有唤醒！！

2021-07-22 11:21:31,267 - speechRecognitionMode.py[line:179] - INFO: 没有唤醒！！

2021-07-22 11:21:31,345 - speechRecognitionMode.py[line:179] - INFO: 没有唤醒！！

2021-07-22 11:21:31,453 - speechRecognitionMode.py[line:179] - INFO: 没有唤醒！！

2021-07-22 11:21:31,565 - speechRecognitionMode.py[line:179] - INFO: 没有唤醒！！

2021-07-22 11:21:31,643 - speechRecognitionMode.py[line:179] - INFO: 没有唤醒！！

2021-07-22 11:21:31,737 - speechRecognitionMode.py[line:179] - INFO: 没有唤醒！！

2021-07-22 11:21:31,816 - speechRecognitionMode.py[line:179] - INFO: 没有唤醒！！

2021-07-22 11:21:31,908 - speechRecognitionMode.py[line:179] - INFO: 没有唤醒！！

2021-07-22 11:21:31,971 - speechRecognitionMode.py[line:179] - INFO: 没有唤醒！！

2021-07-22 11:21:32,051 - speechRecognitionMode.py[line:179] - INFO: 没有唤醒！！

2021-07-22 11:21:32,130 - speechRecognitionMode.py[line:179] - INFO: 没有唤醒！！

2021-07-22 11:21:32,224 - speechRecognitionMode.py[line:179] - INFO: 没有唤醒！！

2021-07-22 11:21:32,303 - speechRecognitionMode.py[line:179] - INFO: 没有唤醒！！

2021-07-22 11:21:32,382 - speechRecognitionMode.py[line:179] - INFO: 没有唤醒！！

2021-07-22 11:21:32,477 - speechRecognitionMode.py[line:179] - INFO: 没有唤醒！！

2021-07-22 11:21:32,540 - speechRecognitionMode.py[line:179] - INFO: 没有唤醒！！

2021-07-22 11:21:32,618 - speechRecognitionMode.py[line:179] - INFO: 没有唤醒！！

2021-07-22 11:21:32,729 - speechRecognitionMode.py[line:179] - INFO: 没有唤醒！！

2021-07-22 11:21:32,806 - speechRecognitionMode.py[line:179] - INFO: 没有唤醒！！

2021-07-22 11:21:32,886 - speechRecognitionMode.py[line:179] - INFO: 没有唤醒！！

2021-07-22 11:21:32,966 - speechRecognitionMode.py[line:179] - INFO: 没有唤醒！！

2021-07-22 11:21:33,013 - speechRecognitionMode.py[line:179] - INFO: 没有唤醒！！

2021-07-22 11:21:33,091 - speechRecognitionMode.py[line:179] - INFO: 没有唤醒！！

2021-07-22 11:21:33,185 - speechRecognitionMode.py[line:179] - INFO: 没有唤醒！！

2021-07-22 11:21:33,263 - speechRecognitionMode.py[line:179] - INFO: 没有唤醒！！

2021-07-22 11:21:33,327 - speechRecognitionMode.py[line:179] - INFO: 没有唤醒！！

2021-07-22 11:21:33,406 - speechRecognitionMode.py[line:179] - INFO: 没有唤醒！！

2021-07-22 11:21:33,501 - speechRecognitionMode.py[line:179] - INFO: 没有唤醒！！

2021-07-22 11:21:33,565 - speechRecognitionMode.py[line:179] - INFO: 没有唤醒！！

2021-07-22 11:21:33,643 - speechRecognitionMode.py[line:179] - INFO: 没有唤醒！！

2021-07-22 11:21:33,736 - speechRecognitionMode.py[line:179] - INFO: 没有唤醒！！

2021-07-22 11:21:33,814 - speechRecognitionMode.py[line:179] - INFO: 没有唤醒！！

2021-07-22 11:21:33,892 - speechRecognitionMode.py[line:179] - INFO: 没有唤醒！！

2021-07-22 11:21:33,987 - speechRecognitionMode.py[line:179] - INFO: 没有唤醒！！

2021-07-22 11:21:34,050 - speechRecognitionMode.py[line:179] - INFO: 没有唤醒！！

2021-07-22 11:21:34,098 - speechRecognitionMode.py[line:179] - INFO: 没有唤醒！！

2021-07-22 11:21:34,162 - speechRecognitionMode.py[line:179] - INFO: 没有唤醒！！

2021-07-22 11:21:34,240 - speechRecognitionMode.py[line:179] - INFO: 没有唤醒！！

2021-07-22 11:21:34,317 - speechRecognitionMode.py[line:179] - INFO: 没有唤醒！！

2021-07-22 11:21:34,411 - speechRecognitionMode.py[line:179] - INFO: 没有唤醒！！

2021-07-22 11:21:34,522 - speechRecognitionMode.py[line:179] - INFO: 没有唤醒！！

2021-07-22 11:21:34,602 - speechRecognitionMode.py[line:179] - INFO: 没有唤醒！！

2021-07-22 11:21:34,698 - speechRecognitionMode.py[line:179] - INFO: 没有唤醒！！

2021-07-22 11:21:34,778 - speechRecognitionMode.py[line:179] - INFO: 没有唤醒！！

2021-07-22 11:21:34,856 - speechRecognitionMode.py[line:179] - INFO: 没有唤醒！！

2021-07-22 11:21:34,966 - speechRecognitionMode.py[line:179] - INFO: 没有唤醒！！

2021-07-22 11:21:35,043 - speechRecognitionMode.py[line:179] - INFO: 没有唤醒！！

2021-07-22 11:21:35,123 - speechRecognitionMode.py[line:179] - INFO: 没有唤醒！！

2021-07-22 11:21:35,185 - speechRecognitionMode.py[line:179] - INFO: 没有唤醒！！

2021-07-22 11:21:35,263 - speechRecognitionMode.py[line:179] - INFO: 没有唤醒！！

2021-07-22 11:21:35,341 - speechRecognitionMode.py[line:179] - INFO: 没有唤醒！！

2021-07-22 11:21:35,404 - speechRecognitionMode.py[line:179] - INFO: 没有唤醒！！

2021-07-22 11:21:35,482 - speechRecognitionMode.py[line:179] - INFO: 没有唤醒！！

2021-07-22 11:21:35,578 - speechRecognitionMode.py[line:179] - INFO: 没有唤醒！！

2021-07-22 11:21:35,658 - speechRecognitionMode.py[line:179] - INFO: 没有唤醒！！

2021-07-22 11:21:35,751 - speechRecognitionMode.py[line:179] - INFO: 没有唤醒！！

2021-07-22 11:21:35,813 - speechRecognitionMode.py[line:179] - INFO: 没有唤醒！！

2021-07-22 11:21:35,893 - speechRecognitionMode.py[line:179] - INFO: 没有唤醒！！

2021-07-22 11:21:35,986 - speechRecognitionMode.py[line:179] - INFO: 没有唤醒！！

2021-07-22 11:21:36,096 - speechRecognitionMode.py[line:179] - INFO: 没有唤醒！！

2021-07-22 11:21:36,174 - speechRecognitionMode.py[line:179] - INFO: 没有唤醒！！

2021-07-22 11:21:36,238 - speechRecognitionMode.py[line:179] - INFO: 没有唤醒！！

2021-07-22 11:21:36,315 - speechRecognitionMode.py[line:179] - INFO: 没有唤醒！！

2021-07-22 11:21:36,391 - speechRecognitionMode.py[line:179] - INFO: 没有唤醒！！

2021-07-22 11:21:36,470 - speechRecognitionMode.py[line:179] - INFO: 没有唤醒！！

2021-07-22 11:21:36,531 - speechRecognitionMode.py[line:179] - INFO: 没有唤醒！！

2021-07-22 11:21:36,578 - speechRecognitionMode.py[line:179] - INFO: 没有唤醒！！

2021-07-22 11:21:36,639 - speechRecognitionMode.py[line:179] - INFO: 没有唤醒！！

2021-07-22 11:21:36,688 - speechRecognitionMode.py[line:179] - INFO: 没有唤醒！！

2021-07-22 11:21:36,752 - speechRecognitionMode.py[line:179] - INFO: 没有唤醒！！

2021-07-22 11:21:36,829 - speechRecognitionMode.py[line:179] - INFO: 没有唤醒！！

2021-07-22 11:21:36,957 - speechRecognitionMode.py[line:179] - INFO: 没有唤醒！！

2021-07-22 11:21:37,020 - speechRecognitionMode.py[line:179] - INFO: 没有唤醒！！

2021-07-22 11:21:37,099 - speechRecognitionMode.py[line:179] - INFO: 没有唤醒！！

2021-07-22 11:21:37,179 - speechRecognitionMode.py[line:179] - INFO: 没有唤醒！！

2021-07-22 11:21:37,243 - speechRecognitionMode.py[line:179] - INFO: 没有唤醒！！

2021-07-22 11:21:37,306 - speechRecognitionMode.py[line:179] - INFO: 没有唤醒！！

2021-07-22 11:21:37,385 - speechRecognitionMode.py[line:179] - INFO: 没有唤醒！！

2021-07-22 11:21:37,462 - speechRecognitionMode.py[line:179] - INFO: 没有唤醒！！

2021-07-22 11:21:37,558 - speechRecognitionMode.py[line:179] - INFO: 没有唤醒！！

2021-07-22 11:21:37,620 - speechRecognitionMode.py[line:179] - INFO: 没有唤醒！！

2021-07-22 11:21:37,684 - speechRecognitionMode.py[line:179] - INFO: 没有唤醒！！

2021-07-22 11:21:37,761 - speechRecognitionMode.py[line:179] - INFO: 没有唤醒！！

2021-07-22 11:21:37,824 - speechRecognitionMode.py[line:179] - INFO: 没有唤醒！！

2021-07-22 11:21:37,904 - speechRecognitionMode.py[line:179] - INFO: 没有唤醒！！

2021-07-22 11:21:37,983 - speechRecognitionMode.py[line:179] - INFO: 没有唤醒！！

2021-07-22 11:21:38,045 - speechRecognitionMode.py[line:179] - INFO: 没有唤醒！！

2021-07-22 11:21:38,124 - speechRecognitionMode.py[line:179] - INFO: 没有唤醒！！

2021-07-22 11:21:38,204 - speechRecognitionMode.py[line:179] - INFO: 没有唤醒！！

2021-07-22 11:21:38,298 - speechRecognitionMode.py[line:179] - INFO: 没有唤醒！！

2021-07-22 11:21:38,390 - speechRecognitionMode.py[line:179] - INFO: 没有唤醒！！

2021-07-22 11:21:38,466 - speechRecognitionMode.py[line:179] - INFO: 没有唤醒！！

2021-07-22 11:21:38,529 - speechRecognitionMode.py[line:179] - INFO: 没有唤醒！！

2021-07-22 11:21:38,608 - speechRecognitionMode.py[line:179] - INFO: 没有唤醒！！

2021-07-22 11:21:38,688 - speechRecognitionMode.py[line:179] - INFO: 没有唤醒！！

2021-07-22 11:21:38,767 - speechRecognitionMode.py[line:179] - INFO: 没有唤醒！！

2021-07-22 11:21:38,829 - speechRecognitionMode.py[line:179] - INFO: 没有唤醒！！

2021-07-22 11:21:38,907 - speechRecognitionMode.py[line:179] - INFO: 没有唤醒！！

2021-07-22 11:21:38,985 - speechRecognitionMode.py[line:179] - INFO: 没有唤醒！！

2021-07-22 11:21:39,064 - speechRecognitionMode.py[line:179] - INFO: 没有唤醒！！

2021-07-22 11:21:39,144 - speechRecognitionMode.py[line:179] - INFO: 没有唤醒！！

2021-07-22 11:21:39,238 - speechRecognitionMode.py[line:179] - INFO: 没有唤醒！！

2021-07-22 11:21:39,333 - speechRecognitionMode.py[line:179] - INFO: 没有唤醒！！

2021-07-22 11:21:39,397 - speechRecognitionMode.py[line:179] - INFO: 没有唤醒！！

2021-07-22 11:21:39,459 - speechRecognitionMode.py[line:179] - INFO: 没有唤醒！！

2021-07-22 11:21:39,523 - speechRecognitionMode.py[line:179] - INFO: 没有唤醒！！

2021-07-22 11:21:39,634 - speechRecognitionMode.py[line:179] - INFO: 没有唤醒！！

2021-07-22 11:21:39,698 - speechRecognitionMode.py[line:179] - INFO: 没有唤醒！！

2021-07-22 11:21:39,777 - speechRecognitionMode.py[line:179] - INFO: 没有唤醒！！

2021-07-22 11:21:39,839 - speechRecognitionMode.py[line:179] - INFO: 没有唤醒！！

2021-07-22 11:21:39,964 - speechRecognitionMode.py[line:179] - INFO: 没有唤醒！！

2021-07-22 11:21:40,043 - speechRecognitionMode.py[line:179] - INFO: 没有唤醒！！

2021-07-22 11:21:40,123 - speechRecognitionMode.py[line:179] - INFO: 没有唤醒！！

2021-07-22 11:21:40,202 - speechRecognitionMode.py[line:179] - INFO: 没有唤醒！！

2021-07-22 11:21:40,296 - speechRecognitionMode.py[line:179] - INFO: 没有唤醒！！

2021-07-22 11:21:40,375 - speechRecognitionMode.py[line:179] - INFO: 没有唤醒！！

2021-07-22 11:21:40,455 - speechRecognitionMode.py[line:179] - INFO: 没有唤醒！！

2021-07-22 11:21:40,532 - speechRecognitionMode.py[line:179] - INFO: 没有唤醒！！

2021-07-22 11:21:40,611 - speechRecognitionMode.py[line:179] - INFO: 没有唤醒！！

2021-07-22 11:21:40,706 - speechRecognitionMode.py[line:179] - INFO: 没有唤醒！！

2021-07-22 11:21:40,784 - speechRecognitionMode.py[line:179] - INFO: 没有唤醒！！

2021-07-22 11:21:40,910 - speechRecognitionMode.py[line:179] - INFO: 没有唤醒！！

2021-07-22 11:21:40,990 - speechRecognitionMode.py[line:179] - INFO: 没有唤醒！！

2021-07-22 11:21:41,067 - speechRecognitionMode.py[line:179] - INFO: 没有唤醒！！

2021-07-22 11:21:41,145 - speechRecognitionMode.py[line:179] - INFO: 没有唤醒！！

2021-07-22 11:21:41,221 - speechRecognitionMode.py[line:179] - INFO: 没有唤醒！！

2021-07-22 11:21:41,300 - speechRecognitionMode.py[line:179] - INFO: 没有唤醒！！

2021-07-22 11:21:41,377 - speechRecognitionMode.py[line:179] - INFO: 没有唤醒！！

2021-07-22 11:21:41,454 - speechRecognitionMode.py[line:179] - INFO: 没有唤醒！！

2021-07-22 11:21:41,517 - speechRecognitionMode.py[line:179] - INFO: 没有唤醒！！

2021-07-22 11:21:41,594 - speechRecognitionMode.py[line:179] - INFO: 没有唤醒！！

2021-07-22 11:21:41,702 - speechRecognitionMode.py[line:179] - INFO: 没有唤醒！！

2021-07-22 11:21:41,780 - speechRecognitionMode.py[line:179] - INFO: 没有唤醒！！

2021-07-22 11:21:41,890 - speechRecognitionMode.py[line:179] - INFO: 没有唤醒！！

2021-07-22 11:21:41,968 - speechRecognitionMode.py[line:179] - INFO: 没有唤醒！！

2021-07-22 11:21:42,063 - speechRecognitionMode.py[line:179] - INFO: 没有唤醒！！

2021-07-22 11:21:42,141 - speechRecognitionMode.py[line:179] - INFO: 没有唤醒！！

2021-07-22 11:21:42,204 - speechRecognitionMode.py[line:179] - INFO: 没有唤醒！！

2021-07-22 11:21:42,282 - speechRecognitionMode.py[line:179] - INFO: 没有唤醒！！

2021-07-22 11:21:42,379 - speechRecognitionMode.py[line:179] - INFO: 没有唤醒！！

2021-07-22 11:28:15,152 - main.py[line:21] - INFO: 墨甲导览机器人启动入口
2021-07-22 11:28:15,222 - speechRecognitionMode.py[line:131] - INFO: 语音识别模块入口
2021-07-22 11:28:15,229 - dualRobotInteractionMode.py[line:135] - INFO: 双机器人互动模块入口
2021-07-22 11:28:15,414 - speechRecognitionMode.py[line:179] - INFO: 没有唤醒！！

2021-07-22 11:28:15,447 - speechRecognitionMode.py[line:179] - INFO: 没有唤醒！！

2021-07-22 11:28:15,510 - speechRecognitionMode.py[line:179] - INFO: 没有唤醒！！

2021-07-22 11:28:15,575 - speechRecognitionMode.py[line:179] - INFO: 没有唤醒！！

2021-07-22 11:28:15,631 - speechRecognitionMode.py[line:179] - INFO: 没有唤醒！！

2021-07-22 11:28:15,699 - speechRecognitionMode.py[line:179] - INFO: 没有唤醒！！

2021-07-22 11:28:15,739 - speechRecognitionMode.py[line:179] - INFO: 没有唤醒！！

2021-07-22 11:28:15,788 - speechRecognitionMode.py[line:179] - INFO: 没有唤醒！！

2021-07-22 11:28:15,844 - speechRecognitionMode.py[line:179] - INFO: 没有唤醒！！

2021-07-22 11:28:15,910 - speechRecognitionMode.py[line:179] - INFO: 没有唤醒！！

2021-07-22 11:28:15,975 - speechRecognitionMode.py[line:179] - INFO: 没有唤醒！！

2021-07-22 11:28:16,037 - speechRecognitionMode.py[line:179] - INFO: 没有唤醒！！

2021-07-22 11:28:16,099 - speechRecognitionMode.py[line:179] - INFO: 没有唤醒！！

2021-07-22 11:28:16,165 - speechRecognitionMode.py[line:179] - INFO: 没有唤醒！！

2021-07-22 11:28:16,234 - speechRecognitionMode.py[line:179] - INFO: 没有唤醒！！

2021-07-22 11:28:16,290 - speechRecognitionMode.py[line:179] - INFO: 没有唤醒！！

2021-07-22 11:28:16,342 - speechRecognitionMode.py[line:179] - INFO: 没有唤醒！！

2021-07-22 11:28:16,408 - speechRecognitionMode.py[line:179] - INFO: 没有唤醒！！

2021-07-22 11:28:16,467 - speechRecognitionMode.py[line:179] - INFO: 没有唤醒！！

2021-07-22 11:28:16,500 - speechRecognitionMode.py[line:179] - INFO: 没有唤醒！！

2021-07-22 11:28:16,533 - speechRecognitionMode.py[line:179] - INFO: 没有唤醒！！

2021-07-22 11:28:16,588 - speechRecognitionMode.py[line:179] - INFO: 没有唤醒！！

2021-07-22 11:28:16,648 - speechRecognitionMode.py[line:179] - INFO: 没有唤醒！！

2021-07-22 11:28:16,702 - speechRecognitionMode.py[line:179] - INFO: 没有唤醒！！

2021-07-22 11:28:16,756 - speechRecognitionMode.py[line:179] - INFO: 没有唤醒！！

2021-07-22 11:28:16,810 - speechRecognitionMode.py[line:179] - INFO: 没有唤醒！！

2021-07-22 11:28:16,876 - speechRecognitionMode.py[line:179] - INFO: 没有唤醒！！

2021-07-22 11:28:16,941 - speechRecognitionMode.py[line:179] - INFO: 没有唤醒！！

2021-07-22 11:28:16,997 - speechRecognitionMode.py[line:179] - INFO: 没有唤醒！！

2021-07-22 11:28:17,060 - speechRecognitionMode.py[line:179] - INFO: 没有唤醒！！

2021-07-22 11:28:17,132 - speechRecognitionMode.py[line:179] - INFO: 没有唤醒！！

2021-07-22 11:28:17,194 - speechRecognitionMode.py[line:179] - INFO: 没有唤醒！！

2021-07-22 11:28:17,237 - speechRecognitionMode.py[line:179] - INFO: 没有唤醒！！

2021-07-22 11:28:17,294 - speechRecognitionMode.py[line:179] - INFO: 没有唤醒！！

2021-07-22 11:28:17,356 - speechRecognitionMode.py[line:179] - INFO: 没有唤醒！！

2021-07-22 11:28:17,419 - speechRecognitionMode.py[line:179] - INFO: 没有唤醒！！

2021-07-22 11:28:17,483 - speechRecognitionMode.py[line:179] - INFO: 没有唤醒！！

2021-07-22 11:28:17,542 - speechRecognitionMode.py[line:179] - INFO: 没有唤醒！！

2021-07-22 11:28:17,578 - speechRecognitionMode.py[line:179] - INFO: 没有唤醒！！

2021-07-22 11:28:17,615 - speechRecognitionMode.py[line:179] - INFO: 没有唤醒！！

2021-07-22 11:28:17,664 - speechRecognitionMode.py[line:179] - INFO: 没有唤醒！！

2021-07-22 11:28:17,717 - speechRecognitionMode.py[line:179] - INFO: 没有唤醒！！

2021-07-22 11:28:17,773 - speechRecognitionMode.py[line:179] - INFO: 没有唤醒！！

2021-07-22 11:28:17,839 - speechRecognitionMode.py[line:179] - INFO: 没有唤醒！！

2021-07-22 11:28:17,895 - speechRecognitionMode.py[line:179] - INFO: 没有唤醒！！

2021-07-22 11:28:17,948 - speechRecognitionMode.py[line:179] - INFO: 没有唤醒！！

2021-07-22 11:28:18,007 - speechRecognitionMode.py[line:179] - INFO: 没有唤醒！！

2021-07-22 11:28:18,064 - speechRecognitionMode.py[line:179] - INFO: 没有唤醒！！

2021-07-22 11:28:18,118 - speechRecognitionMode.py[line:179] - INFO: 没有唤醒！！

2021-07-22 11:28:18,172 - speechRecognitionMode.py[line:179] - INFO: 没有唤醒！！

2021-07-22 11:28:18,240 - speechRecognitionMode.py[line:179] - INFO: 没有唤醒！！

2021-07-22 11:28:18,306 - speechRecognitionMode.py[line:179] - INFO: 没有唤醒！！

2021-07-22 11:28:18,368 - speechRecognitionMode.py[line:179] - INFO: 没有唤醒！！

2021-07-22 11:28:18,431 - speechRecognitionMode.py[line:179] - INFO: 没有唤醒！！

2021-07-22 11:28:18,497 - speechRecognitionMode.py[line:179] - INFO: 没有唤醒！！

2021-07-22 11:28:18,565 - speechRecognitionMode.py[line:179] - INFO: 没有唤醒！！

2021-07-22 11:28:18,620 - speechRecognitionMode.py[line:179] - INFO: 没有唤醒！！

2021-07-22 11:28:18,654 - speechRecognitionMode.py[line:179] - INFO: 没有唤醒！！

2021-07-22 11:28:18,689 - speechRecognitionMode.py[line:179] - INFO: 没有唤醒！！

2021-07-22 11:28:18,728 - speechRecognitionMode.py[line:179] - INFO: 没有唤醒！！

2021-07-22 11:28:18,785 - speechRecognitionMode.py[line:179] - INFO: 没有唤醒！！

2021-07-22 11:28:18,836 - speechRecognitionMode.py[line:179] - INFO: 没有唤醒！！

2021-07-22 11:28:18,899 - speechRecognitionMode.py[line:179] - INFO: 没有唤醒！！

2021-07-22 11:28:18,960 - speechRecognitionMode.py[line:179] - INFO: 没有唤醒！！

2021-07-22 11:28:19,023 - speechRecognitionMode.py[line:179] - INFO: 没有唤醒！！

2021-07-22 11:28:19,078 - speechRecognitionMode.py[line:179] - INFO: 没有唤醒！！

2021-07-22 11:28:19,137 - speechRecognitionMode.py[line:179] - INFO: 没有唤醒！！

2021-07-22 11:28:19,203 - speechRecognitionMode.py[line:179] - INFO: 没有唤醒！！

2021-07-22 11:28:19,267 - speechRecognitionMode.py[line:179] - INFO: 没有唤醒！！

2021-07-22 11:28:19,322 - speechRecognitionMode.py[line:179] - INFO: 没有唤醒！！

2021-07-22 11:28:19,380 - speechRecognitionMode.py[line:179] - INFO: 没有唤醒！！

2021-07-22 11:28:19,450 - speechRecognitionMode.py[line:179] - INFO: 没有唤醒！！

2021-07-22 11:28:19,516 - speechRecognitionMode.py[line:179] - INFO: 没有唤醒！！

2021-07-22 11:28:19,574 - speechRecognitionMode.py[line:179] - INFO: 没有唤醒！！

2021-07-22 11:28:19,638 - speechRecognitionMode.py[line:179] - INFO: 没有唤醒！！

2021-07-22 11:28:19,706 - speechRecognitionMode.py[line:179] - INFO: 没有唤醒！！

2021-07-22 11:28:19,739 - speechRecognitionMode.py[line:179] - INFO: 没有唤醒！！

2021-07-22 11:28:19,772 - speechRecognitionMode.py[line:179] - INFO: 没有唤醒！！

2021-07-22 11:28:19,832 - speechRecognitionMode.py[line:179] - INFO: 没有唤醒！！

2021-07-22 11:28:19,899 - speechRecognitionMode.py[line:179] - INFO: 没有唤醒！！

2021-07-22 11:28:19,969 - speechRecognitionMode.py[line:179] - INFO: 没有唤醒！！

2021-07-22 11:28:20,016 - speechRecognitionMode.py[line:179] - INFO: 没有唤醒！！

2021-07-22 11:28:20,058 - speechRecognitionMode.py[line:179] - INFO: 没有唤醒！！

2021-07-22 11:28:20,126 - speechRecognitionMode.py[line:179] - INFO: 没有唤醒！！

2021-07-22 11:28:20,190 - speechRecognitionMode.py[line:179] - INFO: 没有唤醒！！

2021-07-22 11:28:20,251 - speechRecognitionMode.py[line:179] - INFO: 没有唤醒！！

2021-07-22 11:28:20,298 - speechRecognitionMode.py[line:179] - INFO: 没有唤醒！！

2021-07-22 11:28:20,365 - speechRecognitionMode.py[line:179] - INFO: 没有唤醒！！

2021-07-22 11:28:20,431 - speechRecognitionMode.py[line:179] - INFO: 没有唤醒！！

2021-07-22 11:28:20,495 - speechRecognitionMode.py[line:179] - INFO: 没有唤醒！！

2021-07-22 11:28:20,570 - speechRecognitionMode.py[line:179] - INFO: 没有唤醒！！

2021-07-22 11:28:20,637 - speechRecognitionMode.py[line:179] - INFO: 没有唤醒！！

2021-07-22 11:28:20,699 - speechRecognitionMode.py[line:179] - INFO: 没有唤醒！！

2021-07-22 11:28:20,765 - speechRecognitionMode.py[line:179] - INFO: 没有唤醒！！

2021-07-22 11:28:20,815 - speechRecognitionMode.py[line:179] - INFO: 没有唤醒！！

2021-07-22 11:28:20,851 - speechRecognitionMode.py[line:179] - INFO: 没有唤醒！！

2021-07-22 11:28:20,903 - speechRecognitionMode.py[line:179] - INFO: 没有唤醒！！

2021-07-22 11:28:20,963 - speechRecognitionMode.py[line:179] - INFO: 没有唤醒！！

2021-07-22 11:28:21,033 - speechRecognitionMode.py[line:179] - INFO: 没有唤醒！！

2021-07-22 11:28:21,093 - speechRecognitionMode.py[line:179] - INFO: 没有唤醒！！

2021-07-22 11:28:21,152 - speechRecognitionMode.py[line:179] - INFO: 没有唤醒！！

2021-07-22 11:28:21,221 - speechRecognitionMode.py[line:179] - INFO: 没有唤醒！！

2021-07-22 11:28:21,295 - speechRecognitionMode.py[line:179] - INFO: 没有唤醒！！

2021-07-22 11:39:45,836 - main.py[line:21] - INFO: 墨甲导览机器人启动入口
2021-07-22 11:39:45,907 - speechRecognitionMode.py[line:131] - INFO: 语音识别模块入口
2021-07-22 11:39:46,106 - dualRobotInteractionMode.py[line:135] - INFO: 双机器人互动模块入口
2021-07-22 11:39:46,402 - speechRecognitionMode.py[line:179] - INFO: 没有唤醒！！

2021-07-22 11:39:46,461 - speechRecognitionMode.py[line:179] - INFO: 没有唤醒！！

2021-07-22 11:39:46,519 - speechRecognitionMode.py[line:179] - INFO: 没有唤醒！！

2021-07-22 11:39:46,571 - speechRecognitionMode.py[line:179] - INFO: 没有唤醒！！

2021-07-22 11:39:46,630 - speechRecognitionMode.py[line:179] - INFO: 没有唤醒！！

2021-07-22 11:39:46,696 - speechRecognitionMode.py[line:179] - INFO: 没有唤醒！！

2021-07-22 11:39:46,763 - speechRecognitionMode.py[line:179] - INFO: 没有唤醒！！

2021-07-22 11:39:46,821 - speechRecognitionMode.py[line:179] - INFO: 没有唤醒！！

2021-07-22 11:39:46,884 - speechRecognitionMode.py[line:179] - INFO: 没有唤醒！！

2021-07-22 11:39:46,955 - speechRecognitionMode.py[line:179] - INFO: 没有唤醒！！

2021-07-22 11:39:47,015 - speechRecognitionMode.py[line:179] - INFO: 没有唤醒！！

2021-07-22 11:39:47,068 - speechRecognitionMode.py[line:179] - INFO: 没有唤醒！！

2021-07-22 11:39:47,119 - speechRecognitionMode.py[line:179] - INFO: 没有唤醒！！

2021-07-22 11:39:47,181 - speechRecognitionMode.py[line:179] - INFO: 没有唤醒！！

2021-07-22 11:39:47,245 - speechRecognitionMode.py[line:179] - INFO: 没有唤醒！！

2021-07-22 11:39:47,299 - speechRecognitionMode.py[line:179] - INFO: 没有唤醒！！

2021-07-22 11:39:47,354 - speechRecognitionMode.py[line:179] - INFO: 没有唤醒！！

2021-07-22 11:39:47,412 - speechRecognitionMode.py[line:179] - INFO: 没有唤醒！！

2021-07-22 11:39:47,444 - speechRecognitionMode.py[line:179] - INFO: 没有唤醒！！

2021-07-22 11:39:47,476 - speechRecognitionMode.py[line:179] - INFO: 没有唤醒！！

2021-07-22 11:39:47,523 - speechRecognitionMode.py[line:179] - INFO: 没有唤醒！！

2021-07-22 11:39:47,570 - speechRecognitionMode.py[line:179] - INFO: 没有唤醒！！

2021-07-22 11:39:47,617 - speechRecognitionMode.py[line:179] - INFO: 没有唤醒！！

2021-07-22 11:39:47,675 - speechRecognitionMode.py[line:179] - INFO: 没有唤醒！！

2021-07-22 11:39:47,726 - speechRecognitionMode.py[line:179] - INFO: 没有唤醒！！

2021-07-22 11:39:47,774 - speechRecognitionMode.py[line:179] - INFO: 没有唤醒！！

2021-07-22 11:39:47,827 - speechRecognitionMode.py[line:179] - INFO: 没有唤醒！！

2021-07-22 11:39:47,890 - speechRecognitionMode.py[line:179] - INFO: 没有唤醒！！

2021-07-22 11:39:47,951 - speechRecognitionMode.py[line:179] - INFO: 没有唤醒！！

2021-07-22 11:39:48,009 - speechRecognitionMode.py[line:179] - INFO: 没有唤醒！！

2021-07-22 11:39:48,073 - speechRecognitionMode.py[line:179] - INFO: 没有唤醒！！

2021-07-22 11:39:48,112 - speechRecognitionMode.py[line:179] - INFO: 没有唤醒！！

2021-07-22 11:39:48,143 - speechRecognitionMode.py[line:179] - INFO: 没有唤醒！！

2021-07-22 11:39:48,176 - speechRecognitionMode.py[line:179] - INFO: 没有唤醒！！

2021-07-22 11:39:48,228 - speechRecognitionMode.py[line:179] - INFO: 没有唤醒！！

2021-07-22 11:39:48,289 - speechRecognitionMode.py[line:179] - INFO: 没有唤醒！！

2021-07-22 11:39:48,346 - speechRecognitionMode.py[line:179] - INFO: 没有唤醒！！

2021-07-22 11:39:48,401 - speechRecognitionMode.py[line:179] - INFO: 没有唤醒！！

2021-07-22 11:39:48,455 - speechRecognitionMode.py[line:179] - INFO: 没有唤醒！！

2021-07-22 11:39:48,512 - speechRecognitionMode.py[line:179] - INFO: 没有唤醒！！

2021-07-22 11:39:48,546 - speechRecognitionMode.py[line:179] - INFO: 没有唤醒！！

2021-07-22 11:39:48,579 - speechRecognitionMode.py[line:179] - INFO: 没有唤醒！！

2021-07-22 11:39:48,609 - speechRecognitionMode.py[line:179] - INFO: 没有唤醒！！

2021-07-22 11:39:48,642 - speechRecognitionMode.py[line:179] - INFO: 没有唤醒！！

2021-07-22 11:39:48,679 - speechRecognitionMode.py[line:179] - INFO: 没有唤醒！！

2021-07-22 11:39:48,739 - speechRecognitionMode.py[line:179] - INFO: 没有唤醒！！

2021-07-22 11:39:48,797 - speechRecognitionMode.py[line:179] - INFO: 没有唤醒！！

2021-07-22 11:39:48,855 - speechRecognitionMode.py[line:179] - INFO: 没有唤醒！！

2021-07-22 11:39:48,909 - speechRecognitionMode.py[line:179] - INFO: 没有唤醒！！

2021-07-22 11:39:48,957 - speechRecognitionMode.py[line:179] - INFO: 没有唤醒！！

2021-07-22 11:39:49,001 - speechRecognitionMode.py[line:179] - INFO: 没有唤醒！！

2021-07-22 11:39:49,041 - speechRecognitionMode.py[line:179] - INFO: 没有唤醒！！

2021-07-22 11:39:49,080 - speechRecognitionMode.py[line:179] - INFO: 没有唤醒！！

2021-07-22 11:39:49,133 - speechRecognitionMode.py[line:179] - INFO: 没有唤醒！！

2021-07-22 11:39:49,190 - speechRecognitionMode.py[line:179] - INFO: 没有唤醒！！

2021-07-22 11:39:49,228 - speechRecognitionMode.py[line:179] - INFO: 没有唤醒！！

2021-07-22 11:39:49,280 - speechRecognitionMode.py[line:179] - INFO: 没有唤醒！！

2021-07-22 11:39:49,336 - speechRecognitionMode.py[line:179] - INFO: 没有唤醒！！

2021-07-22 11:39:49,396 - speechRecognitionMode.py[line:179] - INFO: 没有唤醒！！

2021-07-22 11:39:49,454 - speechRecognitionMode.py[line:179] - INFO: 没有唤醒！！

2021-07-22 11:39:49,511 - speechRecognitionMode.py[line:179] - INFO: 没有唤醒！！

2021-07-22 11:39:49,571 - speechRecognitionMode.py[line:179] - INFO: 没有唤醒！！

2021-07-22 11:39:49,615 - speechRecognitionMode.py[line:179] - INFO: 没有唤醒！！

2021-07-22 11:39:49,652 - speechRecognitionMode.py[line:179] - INFO: 没有唤醒！！

2021-07-22 11:39:49,693 - speechRecognitionMode.py[line:179] - INFO: 没有唤醒！！

2021-07-22 11:39:49,743 - speechRecognitionMode.py[line:179] - INFO: 没有唤醒！！

2021-07-22 11:39:49,777 - speechRecognitionMode.py[line:179] - INFO: 没有唤醒！！

2021-07-22 11:39:49,814 - speechRecognitionMode.py[line:179] - INFO: 没有唤醒！！

2021-07-22 11:39:49,874 - speechRecognitionMode.py[line:179] - INFO: 没有唤醒！！

2021-07-22 11:39:49,933 - speechRecognitionMode.py[line:179] - INFO: 没有唤醒！！

2021-07-22 11:41:04,055 - main.py[line:21] - INFO: 墨甲导览机器人启动入口
2021-07-22 11:41:04,112 - speechRecognitionMode.py[line:131] - INFO: 语音识别模块入口
2021-07-22 11:41:04,112 - dualRobotInteractionMode.py[line:135] - INFO: 双机器人互动模块入口
2021-07-22 11:41:21,278 - speechRecognitionMode.py[line:143] - INFO: 唤醒成功！！

2021-07-22 11:41:21,279 - speechRecognitionMode.py[line:68] - INFO: 唤醒词音频为wakeUpResponse_woxiangxiabanqingbuyaojiaowoo.mp3
2021-07-22 11:41:24,020 - speechRecognitionMode.py[line:42] - INFO: 对话应答已回复！！

2021-07-22 11:41:29,202 - speechRecognitionMode.py[line:152] - INFO: mojaAsr:
2021-07-22 11:41:29,202 - speechRecognitionMode.py[line:49] - INFO: 异常音频为NotGetVoice_1.mp3
2021-07-22 11:41:30,342 - speechRecognitionMode.py[line:42] - INFO: 对话应答已回复！！

2021-07-22 11:41:47,013 - speechRecognitionMode.py[line:143] - INFO: 唤醒成功！！

2021-07-22 11:41:47,013 - speechRecognitionMode.py[line:68] - INFO: 唤醒词音频为wakeUpResponse_woxianzaibuxiangshuohua.mp3
2021-07-22 11:41:48,918 - speechRecognitionMode.py[line:42] - INFO: 对话应答已回复！！

2021-07-22 11:44:42,455 - main.py[line:21] - INFO: 墨甲导览机器人启动入口
2021-07-22 11:44:42,512 - speechRecognitionMode.py[line:131] - INFO: 语音识别模块入口
2021-07-22 11:44:42,530 - dualRobotInteractionMode.py[line:135] - INFO: 双机器人互动模块入口
2021-07-22 11:44:44,994 - speechRecognitionMode.py[line:143] - INFO: 唤醒成功！！

2021-07-22 11:44:44,995 - speechRecognitionMode.py[line:68] - INFO: 唤醒词音频为wakeUpResponse_woxiangxiabanqingbuyaojiaowoo.mp3
2021-07-22 11:44:47,734 - speechRecognitionMode.py[line:42] - INFO: 对话应答已回复！！

2021-07-22 11:45:05,756 - speechRecognitionMode.py[line:152] - INFO: mojaAsr:你在干啥？
2021-07-22 11:45:06,541 - speechRecognitionMode.py[line:168] - INFO: intent: 
slots: []
2021-07-22 11:45:09,188 - speechRecognitionMode.py[line:42] - INFO: 对话应答已回复！！

2021-07-22 11:45:25,887 - speechRecognitionMode.py[line:179] - INFO: 没有唤醒！！

2021-07-22 11:45:42,525 - speechRecognitionMode.py[line:179] - INFO: 没有唤醒！！

2021-07-22 11:45:58,903 - speechRecognitionMode.py[line:179] - INFO: 没有唤醒！！

2021-07-22 11:46:15,360 - speechRecognitionMode.py[line:179] - INFO: 没有唤醒！！

2021-07-22 11:46:31,757 - speechRecognitionMode.py[line:179] - INFO: 没有唤醒！！

2021-07-22 11:46:48,380 - speechRecognitionMode.py[line:179] - INFO: 没有唤醒！！

2021-07-22 11:47:04,802 - speechRecognitionMode.py[line:179] - INFO: 没有唤醒！！

2021-07-22 11:47:21,265 - speechRecognitionMode.py[line:179] - INFO: 没有唤醒！！

2021-07-22 11:47:37,698 - speechRecognitionMode.py[line:179] - INFO: 没有唤醒！！

2021-07-22 11:47:54,469 - speechRecognitionMode.py[line:179] - INFO: 没有唤醒！！

2021-07-22 11:48:05,157 - speechRecognitionMode.py[line:143] - INFO: 唤醒成功！！

2021-07-22 11:48:05,158 - speechRecognitionMode.py[line:68] - INFO: 唤醒词音频为wakeUpResponse_wonengbangniganshaa.mp3
2021-07-22 11:48:06,835 - speechRecognitionMode.py[line:42] - INFO: 对话应答已回复！！

2021-07-22 11:48:12,389 - speechRecognitionMode.py[line:152] - INFO: mojaAsr:退下吧！
2021-07-22 11:48:12,858 - speechRecognitionMode.py[line:168] - INFO: intent: 
slots: []
2021-07-22 11:48:15,515 - speechRecognitionMode.py[line:42] - INFO: 对话应答已回复！！

2021-07-22 11:48:32,021 - speechRecognitionMode.py[line:179] - INFO: 没有唤醒！！

2021-07-22 11:48:48,776 - speechRecognitionMode.py[line:179] - INFO: 没有唤醒！！

2021-07-22 11:49:05,295 - speechRecognitionMode.py[line:179] - INFO: 没有唤醒！！

2021-07-22 11:49:21,983 - speechRecognitionMode.py[line:179] - INFO: 没有唤醒！！

2021-07-22 11:49:23,281 - speechRecognitionMode.py[line:143] - INFO: 唤醒成功！！

2021-07-22 11:49:23,281 - speechRecognitionMode.py[line:68] - INFO: 唤醒词音频为wakeUpResponse_wonengbangniganshaa.mp3
2021-07-22 11:49:24,952 - speechRecognitionMode.py[line:42] - INFO: 对话应答已回复！！

2021-07-22 11:49:29,632 - speechRecognitionMode.py[line:152] - INFO: mojaAsr:唱个歌吧！
2021-07-22 11:49:30,266 - speechRecognitionMode.py[line:168] - INFO: intent: 
slots: []
2021-07-22 11:49:32,949 - speechRecognitionMode.py[line:42] - INFO: 对话应答已回复！！

2021-07-22 11:49:49,685 - speechRecognitionMode.py[line:179] - INFO: 没有唤醒！！

2021-07-22 11:50:06,402 - speechRecognitionMode.py[line:179] - INFO: 没有唤醒！！

2021-07-22 11:50:23,119 - speechRecognitionMode.py[line:179] - INFO: 没有唤醒！！

2021-07-22 13:40:33,624 - main.py[line:21] - INFO: 墨甲导览机器人启动入口
2021-07-22 13:44:31,682 - main.py[line:21] - INFO: 墨甲导览机器人启动入口
2021-07-22 13:44:56,644 - main.py[line:21] - INFO: 墨甲导览机器人启动入口
2021-07-22 13:46:06,419 - main.py[line:21] - INFO: 墨甲导览机器人启动入口
2021-07-22 13:46:06,479 - speechRecognitionMode.py[line:132] - INFO: 语音识别模块入口
2021-07-22 13:46:06,484 - dualRobotInteractionMode.py[line:135] - INFO: 双机器人互动模块入口
2021-07-22 13:46:23,024 - speechRecognitionMode.py[line:144] - INFO: 唤醒成功！！

2021-07-22 13:46:23,024 - speechRecognitionMode.py[line:69] - INFO: 唤醒词音频为wakeUpResponse_shuobayoushenmwokeyibangni.mp3
2021-07-22 13:46:26,012 - speechRecognitionMode.py[line:43] - INFO: 对话应答已回复！！

2021-07-22 13:46:31,722 - speechRecognitionMode.py[line:153] - INFO: mojaAsr:请带我去找懒。
2021-07-22 13:46:32,261 - speechRecognitionMode.py[line:169] - INFO: intent: GUIDE
slots: []
2021-07-22 13:46:49,459 - speechRecognitionMode.py[line:182] - INFO: 没有唤醒！！

2021-07-22 13:47:06,205 - speechRecognitionMode.py[line:182] - INFO: 没有唤醒！！

2021-07-22 13:47:22,894 - speechRecognitionMode.py[line:182] - INFO: 没有唤醒！！

2021-07-22 13:47:39,632 - speechRecognitionMode.py[line:182] - INFO: 没有唤醒！！

2021-07-22 13:47:56,392 - speechRecognitionMode.py[line:182] - INFO: 没有唤醒！！

2021-07-22 13:49:28,300 - main.py[line:21] - INFO: 墨甲导览机器人启动入口
2021-07-22 13:49:28,364 - speechRecognitionMode.py[line:132] - INFO: 语音识别模块入口
2021-07-22 13:49:28,369 - dualRobotInteractionMode.py[line:135] - INFO: 双机器人互动模块入口
2021-07-22 13:49:45,788 - speechRecognitionMode.py[line:182] - INFO: 没有唤醒！！

2021-07-22 13:49:53,764 - speechRecognitionMode.py[line:144] - INFO: 唤醒成功！！

2021-07-22 13:49:53,765 - speechRecognitionMode.py[line:69] - INFO: 唤醒词音频为wakeUpResponse_jiaowogansha.mp3
2021-07-22 13:49:55,155 - speechRecognitionMode.py[line:43] - INFO: 对话应答已回复！！

2021-07-22 13:50:00,343 - speechRecognitionMode.py[line:153] - INFO: mojaAsr:带我去到了。
2021-07-22 13:50:00,795 - speechRecognitionMode.py[line:169] - INFO: intent: GUIDE
slots: []
2021-07-22 13:50:21,159 - speechRecognitionMode.py[line:182] - INFO: 没有唤醒！！

2021-07-22 13:50:28,224 - main.py[line:21] - INFO: 墨甲导览机器人启动入口
2021-07-22 13:50:28,284 - speechRecognitionMode.py[line:132] - INFO: 语音识别模块入口
2021-07-22 13:50:28,286 - dualRobotInteractionMode.py[line:135] - INFO: 双机器人互动模块入口
2021-07-22 13:50:31,464 - speechRecognitionMode.py[line:144] - INFO: 唤醒成功！！

2021-07-22 13:50:31,464 - speechRecognitionMode.py[line:69] - INFO: 唤醒词音频为wakeUpResponse_jiaowogansha.mp3
2021-07-22 13:50:32,859 - speechRecognitionMode.py[line:43] - INFO: 对话应答已回复！！

2021-07-22 13:50:38,224 - speechRecognitionMode.py[line:153] - INFO: mojaAsr:带我去捣乱。
2021-07-22 13:50:39,643 - speechRecognitionMode.py[line:169] - INFO: intent: GUIDE
slots: []
2021-07-22 13:51:29,502 - main.py[line:21] - INFO: 墨甲导览机器人启动入口
2021-07-22 13:51:29,562 - speechRecognitionMode.py[line:132] - INFO: 语音识别模块入口
2021-07-22 13:51:29,567 - dualRobotInteractionMode.py[line:135] - INFO: 双机器人互动模块入口
2021-07-22 13:51:31,453 - speechRecognitionMode.py[line:144] - INFO: 唤醒成功！！

2021-07-22 13:51:31,454 - speechRecognitionMode.py[line:69] - INFO: 唤醒词音频为wakeUpResponse_wonengbangniganshaa.mp3
2021-07-22 13:51:33,179 - speechRecognitionMode.py[line:43] - INFO: 对话应答已回复！！

2021-07-22 13:51:38,403 - speechRecognitionMode.py[line:153] - INFO: mojaAsr:到了。
2021-07-22 13:51:38,768 - speechRecognitionMode.py[line:169] - INFO: intent: 
slots: []
2021-07-22 13:51:58,218 - main.py[line:21] - INFO: 墨甲导览机器人启动入口
2021-07-22 13:51:58,289 - speechRecognitionMode.py[line:132] - INFO: 语音识别模块入口
2021-07-22 13:51:58,289 - dualRobotInteractionMode.py[line:135] - INFO: 双机器人互动模块入口
2021-07-22 13:52:00,601 - speechRecognitionMode.py[line:144] - INFO: 唤醒成功！！

2021-07-22 13:52:00,601 - speechRecognitionMode.py[line:69] - INFO: 唤醒词音频为wakeUpResponse_woxiangxiabanqingbuyaojiaowoo.mp3
2021-07-22 13:52:03,350 - speechRecognitionMode.py[line:43] - INFO: 对话应答已回复！！

2021-07-22 13:54:45,798 - main.py[line:21] - INFO: 墨甲导览机器人启动入口
2021-07-22 13:54:45,856 - speechRecognitionMode.py[line:132] - INFO: 语音识别模块入口
2021-07-22 13:54:45,859 - dualRobotInteractionMode.py[line:135] - INFO: 双机器人互动模块入口
2021-07-22 13:54:48,135 - speechRecognitionMode.py[line:144] - INFO: 唤醒成功！！

2021-07-22 13:54:48,136 - speechRecognitionMode.py[line:69] - INFO: 唤醒词音频为wakeUpResponse_jiaowogansha.mp3
2021-07-22 13:54:49,531 - speechRecognitionMode.py[line:43] - INFO: 对话应答已回复！！

2021-07-22 13:54:55,341 - speechRecognitionMode.py[line:153] - INFO: mojaAsr:到呢？
2021-07-22 13:54:56,161 - speechRecognitionMode.py[line:169] - INFO: intent: 
slots: []
2021-07-22 13:55:02,684 - speechRecognitionMode.py[line:144] - INFO: 唤醒成功！！

2021-07-22 13:55:02,685 - speechRecognitionMode.py[line:69] - INFO: 唤醒词音频为wakeUpResponse_woxiangxiabanqingbuyaojiaowoo.mp3
2021-07-22 13:55:05,424 - speechRecognitionMode.py[line:43] - INFO: 对话应答已回复！！

2021-07-22 13:55:10,018 - speechRecognitionMode.py[line:153] - INFO: mojaAsr:投了。
2021-07-22 13:55:10,339 - speechRecognitionMode.py[line:169] - INFO: intent: 
slots: []
2021-07-22 13:55:16,749 - speechRecognitionMode.py[line:144] - INFO: 唤醒成功！！

2021-07-22 13:55:16,749 - speechRecognitionMode.py[line:69] - INFO: 唤醒词音频为wakeUpResponse_shuobayoushenmwokeyibangni.mp3
2021-07-22 13:55:19,692 - speechRecognitionMode.py[line:43] - INFO: 对话应答已回复！！

2021-07-22 13:55:24,645 - speechRecognitionMode.py[line:153] - INFO: mojaAsr:带我去导览。
2021-07-22 13:55:25,195 - speechRecognitionMode.py[line:169] - INFO: intent: GUIDE
slots: [{'word_type': '', 'fuzzy_matches': [], 'confidence': 100.0, 'length': 2, 'name': 'user_guide', 'original_word': '导览', 'sub_slots': [], 'session_offset': 0, 'normalized_word': '导览', 'begin': 3, 'merge_method': 'ADD'}]
2021-07-22 13:55:44,605 - speechRecognitionMode.py[line:182] - INFO: 没有唤醒！！

2021-07-22 13:56:01,321 - speechRecognitionMode.py[line:182] - INFO: 没有唤醒！！

2021-07-22 13:56:20,621 - speechRecognitionMode.py[line:182] - INFO: 没有唤醒！！

2021-07-22 13:56:37,123 - speechRecognitionMode.py[line:182] - INFO: 没有唤醒！！

2021-07-22 13:56:53,822 - speechRecognitionMode.py[line:182] - INFO: 没有唤醒！！

2021-07-22 13:59:22,576 - main.py[line:21] - INFO: 墨甲导览机器人启动入口
2021-07-22 13:59:22,636 - speechRecognitionMode.py[line:132] - INFO: 语音识别模块入口
2021-07-22 13:59:22,638 - dualRobotInteractionMode.py[line:135] - INFO: 双机器人互动模块入口
2021-07-22 13:59:24,519 - speechRecognitionMode.py[line:144] - INFO: 唤醒成功！！

2021-07-22 13:59:24,519 - speechRecognitionMode.py[line:69] - INFO: 唤醒词音频为wakeUpResponse_woxiangxiabanqingbuyaojiaowoo.mp3
2021-07-22 13:59:27,302 - speechRecognitionMode.py[line:43] - INFO: 对话应答已回复！！

2021-07-22 13:59:31,413 - BaiduCloudClass.py[line:97] - INFO: ASR Exception Happened: close() missing 1 required positional argument: 'self'
2021-07-22 13:59:31,414 - speechRecognitionMode.py[line:153] - INFO: mojaAsr:Exception Happened
2021-07-22 13:59:31,416 - speechRecognitionMode.py[line:58] - INFO: 异常音频为exception_happened_4.mp3
2021-07-22 13:59:34,731 - speechRecognitionMode.py[line:43] - INFO: 对话应答已回复！！

2021-07-22 13:59:51,420 - speechRecognitionMode.py[line:182] - INFO: 没有唤醒！！

2021-07-22 13:59:58,898 - speechRecognitionMode.py[line:144] - INFO: 唤醒成功！！

2021-07-22 13:59:58,898 - speechRecognitionMode.py[line:69] - INFO: 唤醒词音频为wakeUpResponse_wonengbangniganshaa.mp3
2021-07-22 14:00:00,572 - speechRecognitionMode.py[line:43] - INFO: 对话应答已回复！！

2021-07-22 14:00:04,674 - BaiduCloudClass.py[line:97] - INFO: ASR Exception Happened: close() missing 1 required positional argument: 'self'
2021-07-22 14:00:04,675 - speechRecognitionMode.py[line:153] - INFO: mojaAsr:Exception Happened
2021-07-22 14:00:04,677 - speechRecognitionMode.py[line:58] - INFO: 异常音频为exception_happened_1.mp3
2021-07-22 14:00:07,979 - speechRecognitionMode.py[line:43] - INFO: 对话应答已回复！！

2021-07-22 14:00:16,799 - speechRecognitionMode.py[line:144] - INFO: 唤醒成功！！

2021-07-22 14:00:16,799 - speechRecognitionMode.py[line:69] - INFO: 唤醒词音频为wakeUpResponse_woxiangxiabanqingbuyaojiaowoo.mp3
2021-07-22 14:00:20,242 - main.py[line:21] - INFO: 墨甲导览机器人启动入口
2021-07-22 14:00:20,304 - speechRecognitionMode.py[line:132] - INFO: 语音识别模块入口
2021-07-22 14:00:20,305 - dualRobotInteractionMode.py[line:135] - INFO: 双机器人互动模块入口
2021-07-22 14:00:22,782 - speechRecognitionMode.py[line:144] - INFO: 唤醒成功！！

2021-07-22 14:00:22,782 - speechRecognitionMode.py[line:69] - INFO: 唤醒词音频为wakeUpResponse_shuobayoushenmwokeyibangni.mp3
2021-07-22 14:00:25,744 - speechRecognitionMode.py[line:43] - INFO: 对话应答已回复！！

2021-07-22 14:00:31,140 - speechRecognitionMode.py[line:153] - INFO: mojaAsr:我去导览。
2021-07-22 14:00:31,797 - speechRecognitionMode.py[line:169] - INFO: intent: GUIDE
slots: []
2021-07-22 14:00:42,359 - speechRecognitionMode.py[line:144] - INFO: 唤醒成功！！

2021-07-22 14:00:42,361 - speechRecognitionMode.py[line:69] - INFO: 唤醒词音频为wakeUpResponse_jiaowogansha.mp3
2021-07-22 14:00:43,726 - speechRecognitionMode.py[line:43] - INFO: 对话应答已回复！！

2021-07-22 14:00:48,417 - speechRecognitionMode.py[line:153] - INFO: mojaAsr:带我去到懒。
2021-07-22 14:00:49,057 - speechRecognitionMode.py[line:169] - INFO: intent: GUIDE
slots: []
2021-07-22 14:00:57,555 - speechRecognitionMode.py[line:144] - INFO: 唤醒成功！！

2021-07-22 14:00:57,557 - speechRecognitionMode.py[line:69] - INFO: 唤醒词音频为wakeUpResponse_woxianzaibuxiangshuohua.mp3
2021-07-22 14:00:59,456 - speechRecognitionMode.py[line:43] - INFO: 对话应答已回复！！

2021-07-22 14:01:04,229 - speechRecognitionMode.py[line:153] - INFO: mojaAsr:请带我去导览。
2021-07-22 14:01:04,677 - speechRecognitionMode.py[line:169] - INFO: intent: GUIDE
slots: [{'word_type': '', 'fuzzy_matches': [], 'confidence': 100.0, 'length': 2, 'name': 'user_guide', 'original_word': '导览', 'sub_slots': [], 'session_offset': 0, 'normalized_word': '导览', 'begin': 4, 'merge_method': 'ADD'}]
2021-07-22 14:01:24,047 - speechRecognitionMode.py[line:182] - INFO: 没有唤醒！！

2021-07-22 14:26:19,165 - main.py[line:21] - INFO: 墨甲导览机器人启动入口
2021-07-22 14:26:19,222 - speechRecognitionMode.py[line:132] - INFO: 语音识别模块入口
2021-07-22 14:26:19,225 - dualRobotInteractionMode.py[line:135] - INFO: 双机器人互动模块入口
2021-07-22 14:26:30,650 - speechRecognitionMode.py[line:144] - INFO: 唤醒成功！！

2021-07-22 14:26:30,651 - speechRecognitionMode.py[line:69] - INFO: 唤醒词音频为wakeUpResponse_jiaowogansha.mp3
2021-07-22 14:26:32,074 - speechRecognitionMode.py[line:43] - INFO: 对话应答已回复！！

2021-07-22 14:26:35,366 - speechRecognitionMode.py[line:153] - INFO: mojaAsr:你在做什么？
2021-07-22 14:26:35,891 - speechRecognitionMode.py[line:169] - INFO: intent: 
slots: []
2021-07-22 14:26:44,373 - speechRecognitionMode.py[line:144] - INFO: 唤醒成功！！

2021-07-22 14:26:44,373 - speechRecognitionMode.py[line:69] - INFO: 唤醒词音频为wakeUpResponse_shuobayoushenmwokeyibangni.mp3
2021-07-22 14:26:47,331 - speechRecognitionMode.py[line:43] - INFO: 对话应答已回复！！

2021-07-22 14:26:49,731 - speechRecognitionMode.py[line:153] - INFO: mojaAsr:你在做什么？
2021-07-22 14:26:50,302 - speechRecognitionMode.py[line:169] - INFO: intent: 
slots: []
2021-07-22 14:35:26,386 - main.py[line:21] - INFO: 墨甲导览机器人启动入口
2021-07-22 14:35:26,443 - speechRecognitionMode.py[line:132] - INFO: 语音识别模块入口
2021-07-22 14:35:26,448 - dualRobotInteractionMode.py[line:135] - INFO: 双机器人互动模块入口
2021-07-22 14:35:31,760 - speechRecognitionMode.py[line:144] - INFO: 唤醒成功！！

2021-07-22 14:35:31,761 - speechRecognitionMode.py[line:69] - INFO: 唤醒词音频为wakeUpResponse_jiaowogansha.mp3
2021-07-22 14:35:33,133 - speechRecognitionMode.py[line:43] - INFO: 对话应答已回复！！

2021-07-22 14:35:47,410 - speechRecognitionMode.py[line:153] - INFO: mojaAsr:你在做什么？嗯嗯，看电视吧！
2021-07-22 14:35:47,863 - speechRecognitionMode.py[line:169] - INFO: intent: 
slots: []
2021-07-22 14:36:25,043 - main.py[line:21] - INFO: 墨甲导览机器人启动入口
2021-07-22 14:36:25,105 - speechRecognitionMode.py[line:132] - INFO: 语音识别模块入口
2021-07-22 14:36:25,105 - dualRobotInteractionMode.py[line:135] - INFO: 双机器人互动模块入口
2021-07-22 14:36:27,598 - speechRecognitionMode.py[line:144] - INFO: 唤醒成功！！

2021-07-22 14:36:27,599 - speechRecognitionMode.py[line:69] - INFO: 唤醒词音频为wakeUpResponse_woxiangxiabanqingbuyaojiaowoo.mp3
2021-07-22 14:36:30,370 - speechRecognitionMode.py[line:43] - INFO: 对话应答已回复！！

2021-07-22 14:36:37,854 - speechRecognitionMode.py[line:153] - INFO: mojaAsr:你在做什么？
2021-07-22 14:36:38,530 - speechRecognitionMode.py[line:169] - INFO: intent: 
slots: []
2021-07-22 14:36:58,030 - main.py[line:21] - INFO: 墨甲导览机器人启动入口
2021-07-22 14:36:58,088 - speechRecognitionMode.py[line:132] - INFO: 语音识别模块入口
2021-07-22 14:36:58,103 - dualRobotInteractionMode.py[line:135] - INFO: 双机器人互动模块入口
2021-07-22 14:37:00,184 - speechRecognitionMode.py[line:144] - INFO: 唤醒成功！！

2021-07-22 14:37:00,184 - speechRecognitionMode.py[line:69] - INFO: 唤醒词音频为wakeUpResponse_shuobayoushenmwokeyibangni.mp3
2021-07-22 14:37:03,169 - speechRecognitionMode.py[line:43] - INFO: 对话应答已回复！！

2021-07-22 14:37:07,606 - speechRecognitionMode.py[line:153] - INFO: mojaAsr:你在做什么？
2021-07-22 14:37:08,121 - speechRecognitionMode.py[line:169] - INFO: intent: 
slots: []
2021-07-22 14:37:15,683 - speechRecognitionMode.py[line:144] - INFO: 唤醒成功！！

2021-07-22 14:37:15,684 - speechRecognitionMode.py[line:69] - INFO: 唤醒词音频为wakeUpResponse_shuobayoushenmwokeyibangni.mp3
2021-07-22 14:37:18,615 - speechRecognitionMode.py[line:43] - INFO: 对话应答已回复！！

2021-07-22 14:37:22,672 - speechRecognitionMode.py[line:153] - INFO: mojaAsr:你在做什么？
2021-07-22 14:37:23,100 - speechRecognitionMode.py[line:169] - INFO: intent: 
slots: []
2021-07-22 14:39:26,927 - main.py[line:21] - INFO: 墨甲导览机器人启动入口
2021-07-22 14:39:26,987 - speechRecognitionMode.py[line:132] - INFO: 语音识别模块入口
2021-07-22 14:39:26,988 - dualRobotInteractionMode.py[line:135] - INFO: 双机器人互动模块入口
2021-07-22 14:39:29,514 - speechRecognitionMode.py[line:144] - INFO: 唤醒成功！！

2021-07-22 14:39:29,515 - speechRecognitionMode.py[line:69] - INFO: 唤醒词音频为wakeUpResponse_wonengbangniganshaa.mp3
2021-07-22 14:39:31,235 - speechRecognitionMode.py[line:43] - INFO: 对话应答已回复！！

2021-07-22 14:39:36,419 - speechRecognitionMode.py[line:153] - INFO: mojaAsr:然后你这样说，我才能看到。
2021-07-22 14:39:36,838 - speechRecognitionMode.py[line:169] - INFO: intent: 
slots: []
2021-07-22 14:39:56,894 - speechRecognitionMode.py[line:182] - INFO: 没有唤醒！！

2021-07-22 14:40:13,496 - speechRecognitionMode.py[line:182] - INFO: 没有唤醒！！

2021-07-22 14:40:30,071 - speechRecognitionMode.py[line:182] - INFO: 没有唤醒！！

2021-07-22 14:40:46,706 - speechRecognitionMode.py[line:182] - INFO: 没有唤醒！！

2021-07-22 14:41:03,388 - speechRecognitionMode.py[line:182] - INFO: 没有唤醒！！

2021-07-22 14:41:20,103 - speechRecognitionMode.py[line:182] - INFO: 没有唤醒！！

2021-07-22 14:41:36,771 - speechRecognitionMode.py[line:182] - INFO: 没有唤醒！！

2021-07-22 14:41:53,462 - speechRecognitionMode.py[line:182] - INFO: 没有唤醒！！

2021-07-22 14:42:00,842 - main.py[line:21] - INFO: 墨甲导览机器人启动入口
2021-07-22 14:42:00,931 - speechRecognitionMode.py[line:132] - INFO: 语音识别模块入口
2021-07-22 14:42:00,937 - dualRobotInteractionMode.py[line:135] - INFO: 双机器人互动模块入口
2021-07-22 14:42:06,268 - speechRecognitionMode.py[line:144] - INFO: 唤醒成功！！

2021-07-22 14:42:06,268 - speechRecognitionMode.py[line:69] - INFO: 唤醒词音频为wakeUpResponse_jiaowogansha.mp3
2021-07-22 14:42:07,638 - speechRecognitionMode.py[line:43] - INFO: 对话应答已回复！！

2021-07-22 14:42:30,448 - speechRecognitionMode.py[line:153] - INFO: mojaAsr:放假了，就是这么快，对他们的人。
2021-07-22 14:44:28,504 - main.py[line:21] - INFO: 墨甲导览机器人启动入口
2021-07-22 14:44:28,579 - speechRecognitionMode.py[line:132] - INFO: 语音识别模块入口
2021-07-22 14:44:28,581 - dualRobotInteractionMode.py[line:135] - INFO: 双机器人互动模块入口
2021-07-22 14:44:37,854 - speechRecognitionMode.py[line:144] - INFO: 唤醒成功！！

2021-07-22 14:44:37,854 - speechRecognitionMode.py[line:69] - INFO: 唤醒词音频为wakeUpResponse_jiaowogansha.mp3
2021-07-22 14:44:39,225 - speechRecognitionMode.py[line:43] - INFO: 对话应答已回复！！

2021-07-22 14:44:43,997 - speechRecognitionMode.py[line:153] - INFO: mojaAsr:有没有？
2021-07-22 14:44:44,390 - speechRecognitionMode.py[line:169] - INFO: intent: 
slots: []
2021-07-22 14:45:04,385 - speechRecognitionMode.py[line:182] - INFO: 没有唤醒！！

2021-07-22 14:45:21,077 - speechRecognitionMode.py[line:182] - INFO: 没有唤醒！！

2021-07-22 14:45:37,721 - speechRecognitionMode.py[line:182] - INFO: 没有唤醒！！

2021-07-22 14:45:40,578 - speechRecognitionMode.py[line:144] - INFO: 唤醒成功！！

2021-07-22 14:45:40,578 - speechRecognitionMode.py[line:69] - INFO: 唤醒词音频为wakeUpResponse_woxianzaibuxiangshuohua.mp3
2021-07-22 14:45:42,468 - speechRecognitionMode.py[line:43] - INFO: 对话应答已回复！！

2021-07-22 14:45:46,122 - speechRecognitionMode.py[line:153] - INFO: mojaAsr:
2021-07-22 14:45:46,123 - speechRecognitionMode.py[line:50] - INFO: 异常音频为NotGetVoice.mp3
2021-07-22 14:45:48,736 - speechRecognitionMode.py[line:43] - INFO: 对话应答已回复！！

2021-07-22 14:45:55,415 - speechRecognitionMode.py[line:144] - INFO: 唤醒成功！！

2021-07-22 14:45:55,416 - speechRecognitionMode.py[line:69] - INFO: 唤醒词音频为wakeUpResponse_woxianzaibuxiangshuohua.mp3
2021-07-22 14:45:57,305 - speechRecognitionMode.py[line:43] - INFO: 对话应答已回复！！

2021-07-22 14:46:01,249 - speechRecognitionMode.py[line:153] - INFO: mojaAsr:
2021-07-22 14:46:01,250 - speechRecognitionMode.py[line:50] - INFO: 异常音频为NotGetVoice_1.mp3
2021-07-22 14:46:02,395 - speechRecognitionMode.py[line:43] - INFO: 对话应答已回复！！

2021-07-22 14:46:05,399 - speechRecognitionMode.py[line:144] - INFO: 唤醒成功！！

2021-07-22 14:46:05,399 - speechRecognitionMode.py[line:69] - INFO: 唤醒词音频为wakeUpResponse_woxianzaibuxiangshuohua.mp3
2021-07-22 14:46:07,286 - speechRecognitionMode.py[line:43] - INFO: 对话应答已回复！！

2021-07-22 14:46:11,100 - speechRecognitionMode.py[line:153] - INFO: mojaAsr:你好啊你好啊！
2021-07-22 14:46:11,426 - speechRecognitionMode.py[line:169] - INFO: intent: 
slots: []
2021-07-22 14:46:20,310 - speechRecognitionMode.py[line:144] - INFO: 唤醒成功！！

2021-07-22 14:46:20,310 - speechRecognitionMode.py[line:69] - INFO: 唤醒词音频为wakeUpResponse_shuobayoushenmwokeyibangni.mp3
2021-07-22 14:46:23,272 - speechRecognitionMode.py[line:43] - INFO: 对话应答已回复！！

2021-07-22 14:46:27,106 - speechRecognitionMode.py[line:153] - INFO: mojaAsr:
2021-07-22 14:46:27,107 - speechRecognitionMode.py[line:50] - INFO: 异常音频为NotGetVoice_1.mp3
2021-07-22 14:46:28,246 - speechRecognitionMode.py[line:43] - INFO: 对话应答已回复！！

2021-07-22 14:46:44,922 - speechRecognitionMode.py[line:182] - INFO: 没有唤醒！！

2021-07-22 14:47:01,639 - speechRecognitionMode.py[line:182] - INFO: 没有唤醒！！

2021-07-22 14:47:18,420 - speechRecognitionMode.py[line:182] - INFO: 没有唤醒！！

2021-07-22 14:47:35,137 - speechRecognitionMode.py[line:182] - INFO: 没有唤醒！！

2021-07-22 14:47:51,813 - speechRecognitionMode.py[line:182] - INFO: 没有唤醒！！

2021-07-22 14:48:08,524 - speechRecognitionMode.py[line:182] - INFO: 没有唤醒！！

2021-07-22 14:48:25,218 - speechRecognitionMode.py[line:182] - INFO: 没有唤醒！！

2021-07-22 14:48:41,882 - speechRecognitionMode.py[line:182] - INFO: 没有唤醒！！

2021-07-22 14:48:58,598 - speechRecognitionMode.py[line:182] - INFO: 没有唤醒！！

2021-07-22 14:49:15,312 - speechRecognitionMode.py[line:182] - INFO: 没有唤醒！！

2021-07-22 14:49:32,045 - speechRecognitionMode.py[line:182] - INFO: 没有唤醒！！

2021-07-22 14:49:48,790 - speechRecognitionMode.py[line:182] - INFO: 没有唤醒！！

2021-07-22 14:50:05,521 - speechRecognitionMode.py[line:182] - INFO: 没有唤醒！！

2021-07-22 14:50:22,219 - speechRecognitionMode.py[line:182] - INFO: 没有唤醒！！

2021-07-22 14:50:38,956 - speechRecognitionMode.py[line:182] - INFO: 没有唤醒！！

2021-07-22 14:50:55,652 - speechRecognitionMode.py[line:182] - INFO: 没有唤醒！！

2021-07-22 14:51:12,342 - speechRecognitionMode.py[line:182] - INFO: 没有唤醒！！

2021-07-22 14:51:29,034 - speechRecognitionMode.py[line:182] - INFO: 没有唤醒！！

2021-07-22 14:51:45,669 - speechRecognitionMode.py[line:182] - INFO: 没有唤醒！！

2021-07-22 14:52:02,389 - speechRecognitionMode.py[line:182] - INFO: 没有唤醒！！

2021-07-22 14:52:19,044 - speechRecognitionMode.py[line:182] - INFO: 没有唤醒！！

2021-07-22 14:52:32,737 - speechRecognitionMode.py[line:144] - INFO: 唤醒成功！！

2021-07-22 14:52:32,737 - speechRecognitionMode.py[line:69] - INFO: 唤醒词音频为wakeUpResponse_wonengbangniganshaa.mp3
2021-07-22 14:52:34,445 - speechRecognitionMode.py[line:43] - INFO: 对话应答已回复！！

2021-07-22 14:52:38,512 - speechRecognitionMode.py[line:153] - INFO: mojaAsr:我说你以后想呢？
2021-07-22 14:52:39,118 - speechRecognitionMode.py[line:169] - INFO: intent: 
slots: []
2021-07-22 14:52:53,741 - speechRecognitionMode.py[line:144] - INFO: 唤醒成功！！

2021-07-22 14:52:53,741 - speechRecognitionMode.py[line:69] - INFO: 唤醒词音频为wakeUpResponse_wonengbangniganshaa.mp3
2021-07-22 14:52:55,414 - speechRecognitionMode.py[line:43] - INFO: 对话应答已回复！！

2021-07-22 14:52:59,801 - speechRecognitionMode.py[line:153] - INFO: mojaAsr:
2021-07-22 14:52:59,801 - speechRecognitionMode.py[line:50] - INFO: 异常音频为NotGetVoice.mp3
2021-07-22 14:53:02,416 - speechRecognitionMode.py[line:43] - INFO: 对话应答已回复！！

2021-07-22 14:53:08,313 - speechRecognitionMode.py[line:144] - INFO: 唤醒成功！！

2021-07-22 14:53:08,313 - speechRecognitionMode.py[line:69] - INFO: 唤醒词音频为wakeUpResponse_wonengbangniganshaa.mp3
2021-07-22 14:53:09,985 - speechRecognitionMode.py[line:43] - INFO: 对话应答已回复！！

2021-07-22 14:53:14,192 - speechRecognitionMode.py[line:153] - INFO: mojaAsr:呃，给你出了，你居然玩。
2021-07-22 14:53:15,612 - speechRecognitionMode.py[line:169] - INFO: intent: 
slots: []
2021-07-22 14:53:35,494 - speechRecognitionMode.py[line:182] - INFO: 没有唤醒！！

2021-07-22 14:53:52,205 - speechRecognitionMode.py[line:182] - INFO: 没有唤醒！！

2021-07-22 14:53:53,713 - speechRecognitionMode.py[line:144] - INFO: 唤醒成功！！

2021-07-22 14:53:53,713 - speechRecognitionMode.py[line:69] - INFO: 唤醒词音频为wakeUpResponse_shuobayoushenmwokeyibangni.mp3
2021-07-22 14:53:56,650 - speechRecognitionMode.py[line:43] - INFO: 对话应答已回复！！

2021-07-22 14:54:00,677 - speechRecognitionMode.py[line:153] - INFO: mojaAsr:今天天气怎么样？
2021-07-22 14:54:01,379 - speechRecognitionMode.py[line:169] - INFO: intent: USER_WEATHER
slots: [{'word_type': '', 'fuzzy_matches': [], 'confidence': 100.0, 'length': 2, 'name': 'user_time', 'original_word': '今天', 'sub_slots': [], 'session_offset': 0, 'begin': 0, 'normalized_word': '2021-07-22', 'merge_method': 'ADD'}]
2021-07-22 14:54:21,212 - speechRecognitionMode.py[line:182] - INFO: 没有唤醒！！

2021-07-22 14:54:37,917 - speechRecognitionMode.py[line:182] - INFO: 没有唤醒！！

2021-07-22 14:54:40,114 - speechRecognitionMode.py[line:144] - INFO: 唤醒成功！！

2021-07-22 14:54:40,114 - speechRecognitionMode.py[line:69] - INFO: 唤醒词音频为wakeUpResponse_woxianzaibuxiangshuohua.mp3
2021-07-22 14:54:42,003 - speechRecognitionMode.py[line:43] - INFO: 对话应答已回复！！

2021-07-22 14:54:45,810 - speechRecognitionMode.py[line:153] - INFO: mojaAsr:小贱小贱。
2021-07-22 14:54:46,305 - speechRecognitionMode.py[line:169] - INFO: intent: 
slots: []
2021-07-22 14:54:55,129 - speechRecognitionMode.py[line:144] - INFO: 唤醒成功！！

2021-07-22 14:54:55,129 - speechRecognitionMode.py[line:69] - INFO: 唤醒词音频为wakeUpResponse_jiaowogansha.mp3
2021-07-22 14:54:56,476 - speechRecognitionMode.py[line:43] - INFO: 对话应答已回复！！

2021-07-22 14:55:00,592 - speechRecognitionMode.py[line:153] - INFO: mojaAsr:在东北上学了，郑州。
2021-07-22 14:55:01,186 - speechRecognitionMode.py[line:169] - INFO: intent: 
slots: []
2021-07-22 14:55:21,381 - speechRecognitionMode.py[line:182] - INFO: 没有唤醒！！

2021-07-22 14:55:25,603 - speechRecognitionMode.py[line:144] - INFO: 唤醒成功！！

2021-07-22 14:55:25,603 - speechRecognitionMode.py[line:69] - INFO: 唤醒词音频为wakeUpResponse_woxianzaibuxiangshuohua.mp3
2021-07-22 14:55:27,491 - speechRecognitionMode.py[line:43] - INFO: 对话应答已回复！！

2021-07-22 14:55:31,677 - speechRecognitionMode.py[line:153] - INFO: mojaAsr:不知道，我要不要见？
2021-07-22 14:55:32,171 - speechRecognitionMode.py[line:169] - INFO: intent: 
slots: []
2021-07-22 14:55:38,519 - speechRecognitionMode.py[line:144] - INFO: 唤醒成功！！

2021-07-22 14:55:38,519 - speechRecognitionMode.py[line:69] - INFO: 唤醒词音频为wakeUpResponse_wonengbangniganshaa.mp3
2021-07-22 14:55:40,192 - speechRecognitionMode.py[line:43] - INFO: 对话应答已回复！！

2021-07-22 14:55:44,018 - speechRecognitionMode.py[line:153] - INFO: mojaAsr:今天的天气。
2021-07-22 14:55:44,946 - speechRecognitionMode.py[line:169] - INFO: intent: USER_WEATHER
slots: [{'word_type': '', 'fuzzy_matches': [], 'confidence': 100.0, 'length': 2, 'name': 'user_time', 'original_word': '今天', 'sub_slots': [], 'session_offset': 0, 'begin': 0, 'normalized_word': '2021-07-22', 'merge_method': 'ADD'}]
2021-07-22 14:55:50,038 - speechRecognitionMode.py[line:144] - INFO: 唤醒成功！！

2021-07-22 14:55:50,038 - speechRecognitionMode.py[line:69] - INFO: 唤醒词音频为wakeUpResponse_jiaowogansha.mp3
2021-07-22 14:55:51,386 - speechRecognitionMode.py[line:43] - INFO: 对话应答已回复！！

2021-07-22 14:55:55,168 - speechRecognitionMode.py[line:153] - INFO: mojaAsr:请播放今日。
2021-07-22 14:55:55,595 - speechRecognitionMode.py[line:169] - INFO: intent: 
slots: []
2021-07-22 14:56:04,289 - speechRecognitionMode.py[line:144] - INFO: 唤醒成功！！

2021-07-22 14:56:04,290 - speechRecognitionMode.py[line:69] - INFO: 唤醒词音频为wakeUpResponse_woxianzaibuxiangshuohua.mp3
2021-07-22 14:56:06,202 - speechRecognitionMode.py[line:43] - INFO: 对话应答已回复！！

2021-07-22 14:56:10,263 - speechRecognitionMode.py[line:153] - INFO: mojaAsr:主要店主要件。
2021-07-22 14:56:10,634 - speechRecognitionMode.py[line:169] - INFO: intent: 
slots: []
2021-07-22 14:56:20,476 - speechRecognitionMode.py[line:144] - INFO: 唤醒成功！！

2021-07-22 14:56:20,476 - speechRecognitionMode.py[line:69] - INFO: 唤醒词音频为wakeUpResponse_woxianzaibuxiangshuohua.mp3
2021-07-22 14:56:22,375 - speechRecognitionMode.py[line:43] - INFO: 对话应答已回复！！

2021-07-22 14:56:26,209 - speechRecognitionMode.py[line:153] - INFO: mojaAsr:现在的天气怎么样？
2021-07-22 14:56:26,941 - speechRecognitionMode.py[line:169] - INFO: intent: USER_WEATHER
slots: [{'word_type': '', 'fuzzy_matches': [], 'confidence': 100.0, 'length': 2, 'name': 'user_time', 'original_word': '现在', 'sub_slots': [], 'session_offset': 0, 'begin': 0, 'normalized_word': '2021-07-22|14:56:26', 'merge_method': 'ADD'}]
2021-07-22 14:56:32,354 - speechRecognitionMode.py[line:144] - INFO: 唤醒成功！！

2021-07-22 14:56:32,354 - speechRecognitionMode.py[line:69] - INFO: 唤醒词音频为wakeUpResponse_shuobayoushenmwokeyibangni.mp3
2021-07-22 14:56:35,286 - speechRecognitionMode.py[line:43] - INFO: 对话应答已回复！！

2021-07-22 14:56:39,734 - speechRecognitionMode.py[line:153] - INFO: mojaAsr:哦哦，他在书里。
2021-07-22 14:56:40,129 - speechRecognitionMode.py[line:169] - INFO: intent: 
slots: []
2021-07-22 14:56:49,193 - speechRecognitionMode.py[line:144] - INFO: 唤醒成功！！

2021-07-22 14:56:49,194 - speechRecognitionMode.py[line:69] - INFO: 唤醒词音频为wakeUpResponse_jiaowogansha.mp3
2021-07-22 14:56:50,541 - speechRecognitionMode.py[line:43] - INFO: 对话应答已回复！！

2021-07-22 14:56:54,516 - speechRecognitionMode.py[line:153] - INFO: mojaAsr:今天的天气。
2021-07-22 14:56:54,959 - speechRecognitionMode.py[line:169] - INFO: intent: USER_WEATHER
slots: [{'word_type': '', 'fuzzy_matches': [], 'confidence': 100.0, 'length': 2, 'name': 'user_time', 'original_word': '今天', 'sub_slots': [], 'session_offset': 0, 'begin': 0, 'normalized_word': '2021-07-22', 'merge_method': 'ADD'}]
2021-07-22 14:56:59,612 - speechRecognitionMode.py[line:144] - INFO: 唤醒成功！！

2021-07-22 14:56:59,612 - speechRecognitionMode.py[line:69] - INFO: 唤醒词音频为wakeUpResponse_shuobayoushenmwokeyibangni.mp3
2021-07-22 14:57:02,543 - speechRecognitionMode.py[line:43] - INFO: 对话应答已回复！！

2021-07-22 14:57:06,213 - speechRecognitionMode.py[line:153] - INFO: mojaAsr:北京。
2021-07-22 14:57:06,640 - speechRecognitionMode.py[line:169] - INFO: intent: 
slots: []
2021-07-22 14:57:12,592 - speechRecognitionMode.py[line:144] - INFO: 唤醒成功！！

2021-07-22 14:57:12,593 - speechRecognitionMode.py[line:69] - INFO: 唤醒词音频为wakeUpResponse_wonengbangniganshaa.mp3
2021-07-22 14:57:14,277 - speechRecognitionMode.py[line:43] - INFO: 对话应答已回复！！

2021-07-22 14:57:18,344 - speechRecognitionMode.py[line:153] - INFO: mojaAsr:我说我在什么北京？
2021-07-22 14:57:18,718 - speechRecognitionMode.py[line:169] - INFO: intent: 
slots: []
2021-07-22 14:57:30,348 - speechRecognitionMode.py[line:144] - INFO: 唤醒成功！！

2021-07-22 14:57:30,349 - speechRecognitionMode.py[line:69] - INFO: 唤醒词音频为wakeUpResponse_shuobayoushenmwokeyibangni.mp3
2021-07-22 14:57:33,280 - speechRecognitionMode.py[line:43] - INFO: 对话应答已回复！！

2021-07-22 14:57:37,303 - speechRecognitionMode.py[line:153] - INFO: mojaAsr:我给你发的那个群，叫他。
2021-07-22 14:57:37,816 - speechRecognitionMode.py[line:169] - INFO: intent: 
slots: []
2021-07-22 14:57:57,708 - speechRecognitionMode.py[line:182] - INFO: 没有唤醒！！

2021-07-22 14:58:05,528 - speechRecognitionMode.py[line:144] - INFO: 唤醒成功！！

2021-07-22 14:58:05,530 - speechRecognitionMode.py[line:69] - INFO: 唤醒词音频为wakeUpResponse_jiaowogansha.mp3
2021-07-22 14:58:06,880 - speechRecognitionMode.py[line:43] - INFO: 对话应答已回复！！

2021-07-22 14:58:10,599 - speechRecognitionMode.py[line:153] - INFO: mojaAsr:北京今天的天气怎么样？
2021-07-22 14:58:11,133 - speechRecognitionMode.py[line:169] - INFO: intent: USER_WEATHER
slots: [{'word_type': '', 'fuzzy_matches': [], 'confidence': 100.0, 'length': 2, 'name': 'user_time', 'original_word': '今天', 'sub_slots': [], 'session_offset': 0, 'begin': 2, 'normalized_word': '2021-07-22', 'merge_method': 'ADD'}, {'word_type': '', 'fuzzy_matches': [], 'confidence': 100.0, 'length': 2, 'name': 'user_loc', 'original_word': '北京', 'sub_slots': [], 'session_offset': 0, 'begin': 0, 'normalized_word': '北京', 'merge_method': 'ADD'}]
2021-07-22 14:58:28,809 - speechRecognitionMode.py[line:144] - INFO: 唤醒成功！！

2021-07-22 14:58:28,811 - speechRecognitionMode.py[line:69] - INFO: 唤醒词音频为wakeUpResponse_jiaowogansha.mp3
2021-07-22 14:58:30,176 - speechRecognitionMode.py[line:43] - INFO: 对话应答已回复！！

2021-07-22 14:58:34,237 - speechRecognitionMode.py[line:153] - INFO: mojaAsr:郑州现在的情况怎么样？
2021-07-22 14:58:34,594 - speechRecognitionMode.py[line:169] - INFO: intent: 
slots: []
2021-07-22 14:58:54,346 - speechRecognitionMode.py[line:182] - INFO: 没有唤醒！！

2021-07-22 15:01:57,063 - main.py[line:21] - INFO: 墨甲导览机器人启动入口
2021-07-22 15:01:57,120 - speechRecognitionMode.py[line:132] - INFO: 语音识别模块入口
2021-07-22 15:01:57,122 - dualRobotInteractionMode.py[line:135] - INFO: 双机器人互动模块入口
2021-07-22 15:02:00,280 - speechRecognitionMode.py[line:144] - INFO: 唤醒成功！！

2021-07-22 15:02:00,281 - speechRecognitionMode.py[line:69] - INFO: 唤醒词音频为wakeUpResponse_shuobayoushenmwokeyibangni.mp3
2021-07-22 15:02:03,266 - speechRecognitionMode.py[line:43] - INFO: 对话应答已回复！！

2021-07-22 15:02:07,746 - speechRecognitionMode.py[line:153] - INFO: mojaAsr:郑州的天气。
2021-07-22 15:02:08,236 - speechRecognitionMode.py[line:168] - INFO: intent: USER_WEATHER
slots: [{'word_type': '', 'fuzzy_matches': [], 'confidence': 100.0, 'length': 2, 'name': 'user_loc', 'original_word': '郑州', 'sub_slots': [], 'session_offset': 0, 'begin': 0, 'normalized_word': '郑州', 'merge_method': 'ADD'}]
2021-07-22 15:02:19,905 - speechRecognitionMode.py[line:144] - INFO: 唤醒成功！！

2021-07-22 15:02:19,906 - speechRecognitionMode.py[line:69] - INFO: 唤醒词音频为wakeUpResponse_shuobayoushenmwokeyibangni.mp3
2021-07-22 15:02:22,837 - speechRecognitionMode.py[line:43] - INFO: 对话应答已回复！！

2021-07-22 15:02:26,723 - speechRecognitionMode.py[line:153] - INFO: mojaAsr:这天气。
2021-07-22 15:02:27,577 - speechRecognitionMode.py[line:168] - INFO: intent: USER_WEATHER
slots: []
2021-07-22 15:02:32,770 - speechRecognitionMode.py[line:144] - INFO: 唤醒成功！！

2021-07-22 15:02:32,771 - speechRecognitionMode.py[line:69] - INFO: 唤醒词音频为wakeUpResponse_shuobayoushenmwokeyibangni.mp3
2021-07-22 15:02:35,725 - speechRecognitionMode.py[line:43] - INFO: 对话应答已回复！！

2021-07-22 15:02:39,718 - speechRecognitionMode.py[line:153] - INFO: mojaAsr:周。
2021-07-22 15:02:40,183 - speechRecognitionMode.py[line:168] - INFO: intent: 
slots: []
2021-07-22 15:02:47,852 - speechRecognitionMode.py[line:144] - INFO: 唤醒成功！！

2021-07-22 15:02:47,854 - speechRecognitionMode.py[line:69] - INFO: 唤醒词音频为wakeUpResponse_shuobayoushenmwokeyibangni.mp3
2021-07-22 15:02:50,801 - speechRecognitionMode.py[line:43] - INFO: 对话应答已回复！！

2021-07-22 15:02:54,429 - speechRecognitionMode.py[line:153] - INFO: mojaAsr:今天的天气。
2021-07-22 15:02:55,341 - speechRecognitionMode.py[line:168] - INFO: intent: USER_WEATHER
slots: [{'word_type': '', 'fuzzy_matches': [], 'confidence': 100.0, 'length': 2, 'name': 'user_time', 'original_word': '今天', 'sub_slots': [], 'session_offset': 0, 'begin': 0, 'normalized_word': '2021-07-22', 'merge_method': 'ADD'}]
2021-07-22 15:03:00,809 - speechRecognitionMode.py[line:144] - INFO: 唤醒成功！！

2021-07-22 15:03:00,809 - speechRecognitionMode.py[line:69] - INFO: 唤醒词音频为wakeUpResponse_woxiangxiabanqingbuyaojiaowoo.mp3
2021-07-22 15:03:03,526 - speechRecognitionMode.py[line:43] - INFO: 对话应答已回复！！

2021-07-22 15:03:07,465 - speechRecognitionMode.py[line:153] - INFO: mojaAsr:北京。
2021-07-22 15:03:07,972 - speechRecognitionMode.py[line:168] - INFO: intent: 
slots: []
2021-07-22 15:10:01,635 - main.py[line:21] - INFO: 墨甲导览机器人启动入口
2021-07-22 15:10:01,697 - speechRecognitionMode.py[line:132] - INFO: 语音识别模块入口
2021-07-22 15:10:01,701 - dualRobotInteractionMode.py[line:135] - INFO: 双机器人互动模块入口
2021-07-22 15:10:05,528 - speechRecognitionMode.py[line:144] - INFO: 唤醒成功！！

2021-07-22 15:10:05,529 - speechRecognitionMode.py[line:69] - INFO: 唤醒词音频为wakeUpResponse_jiaowogansha.mp3
2021-07-22 15:10:06,901 - speechRecognitionMode.py[line:43] - INFO: 对话应答已回复！！

2021-07-22 15:10:11,562 - speechRecognitionMode.py[line:153] - INFO: mojaAsr:今天的天气。
2021-07-22 15:10:12,507 - speechRecognitionMode.py[line:168] - INFO: intent: USER_WEATHER
slots: [{'word_type': '', 'fuzzy_matches': [], 'confidence': 100.0, 'length': 2, 'name': 'user_time', 'original_word': '今天', 'sub_slots': [], 'session_offset': 0, 'begin': 0, 'normalized_word': '2021-07-22', 'merge_method': 'ADD'}]
2021-07-22 15:10:19,796 - speechRecognitionMode.py[line:144] - INFO: 唤醒成功！！

2021-07-22 15:10:19,796 - speechRecognitionMode.py[line:69] - INFO: 唤醒词音频为wakeUpResponse_jiaowogansha.mp3
2021-07-22 15:10:21,144 - speechRecognitionMode.py[line:43] - INFO: 对话应答已回复！！

2021-07-22 15:10:24,798 - speechRecognitionMode.py[line:153] - INFO: mojaAsr:北京。
2021-07-22 15:10:25,298 - speechRecognitionMode.py[line:168] - INFO: intent: 
slots: []
2021-07-22 15:10:45,105 - speechRecognitionMode.py[line:181] - INFO: 没有唤醒！！

2021-07-22 15:11:01,674 - speechRecognitionMode.py[line:181] - INFO: 没有唤醒！！

2021-07-22 15:11:18,395 - speechRecognitionMode.py[line:181] - INFO: 没有唤醒！！

2021-07-22 15:11:28,619 - main.py[line:21] - INFO: 墨甲导览机器人启动入口
2021-07-22 15:11:28,682 - speechRecognitionMode.py[line:132] - INFO: 语音识别模块入口
2021-07-22 15:11:28,694 - dualRobotInteractionMode.py[line:135] - INFO: 双机器人互动模块入口
2021-07-22 15:11:32,293 - speechRecognitionMode.py[line:144] - INFO: 唤醒成功！！

2021-07-22 15:11:32,293 - speechRecognitionMode.py[line:69] - INFO: 唤醒词音频为wakeUpResponse_shuobayoushenmwokeyibangni.mp3
2021-07-22 15:11:35,250 - speechRecognitionMode.py[line:43] - INFO: 对话应答已回复！！

2021-07-22 15:11:39,818 - speechRecognitionMode.py[line:153] - INFO: mojaAsr:今天的天气。
2021-07-22 15:11:40,405 - speechRecognitionMode.py[line:168] - INFO: intent: USER_WEATHER
slots: [{'word_type': '', 'fuzzy_matches': [], 'confidence': 100.0, 'length': 2, 'name': 'user_time', 'original_word': '今天', 'sub_slots': [], 'session_offset': 0, 'begin': 0, 'normalized_word': '2021-07-22', 'merge_method': 'ADD'}]
2021-07-22 15:12:00,156 - speechRecognitionMode.py[line:181] - INFO: 没有唤醒！！

2021-07-22 15:12:06,821 - speechRecognitionMode.py[line:144] - INFO: 唤醒成功！！

2021-07-22 15:12:06,822 - speechRecognitionMode.py[line:69] - INFO: 唤醒词音频为wakeUpResponse_jiaowogansha.mp3
2021-07-22 15:12:08,172 - speechRecognitionMode.py[line:43] - INFO: 对话应答已回复！！

2021-07-22 15:12:12,005 - speechRecognitionMode.py[line:153] - INFO: mojaAsr:北京。
2021-07-22 15:12:12,617 - speechRecognitionMode.py[line:168] - INFO: intent: 
slots: []
2021-07-22 15:13:07,503 - main.py[line:21] - INFO: 墨甲导览机器人启动入口
2021-07-22 15:13:07,578 - speechRecognitionMode.py[line:132] - INFO: 语音识别模块入口
2021-07-22 15:13:07,581 - dualRobotInteractionMode.py[line:135] - INFO: 双机器人互动模块入口
2021-07-22 15:13:09,470 - speechRecognitionMode.py[line:144] - INFO: 唤醒成功！！

2021-07-22 15:13:09,471 - speechRecognitionMode.py[line:69] - INFO: 唤醒词音频为wakeUpResponse_jiaowogansha.mp3
2021-07-22 15:13:10,874 - speechRecognitionMode.py[line:43] - INFO: 对话应答已回复！！

2021-07-22 15:13:15,464 - speechRecognitionMode.py[line:153] - INFO: mojaAsr:今天的天气。
2021-07-22 15:13:16,036 - speechRecognitionMode.py[line:168] - INFO: intent: USER_WEATHER
slots: [{'word_type': '', 'fuzzy_matches': [], 'confidence': 100.0, 'length': 2, 'name': 'user_time', 'original_word': '今天', 'sub_slots': [], 'session_offset': 0, 'begin': 0, 'normalized_word': '2021-07-22', 'merge_method': 'ADD'}]
2021-07-22 15:13:22,478 - speechRecognitionMode.py[line:144] - INFO: 唤醒成功！！

2021-07-22 15:13:22,479 - speechRecognitionMode.py[line:69] - INFO: 唤醒词音频为wakeUpResponse_wonengbangniganshaa.mp3
2021-07-22 15:13:24,169 - speechRecognitionMode.py[line:43] - INFO: 对话应答已回复！！

2021-07-22 15:13:28,158 - speechRecognitionMode.py[line:153] - INFO: mojaAsr:北京140。
2021-07-22 15:13:28,477 - speechRecognitionMode.py[line:168] - INFO: intent: 
slots: []
2021-07-22 15:16:20,533 - main.py[line:21] - INFO: 墨甲导览机器人启动入口
2021-07-22 15:16:20,592 - speechRecognitionMode.py[line:132] - INFO: 语音识别模块入口
2021-07-22 15:16:20,593 - dualRobotInteractionMode.py[line:135] - INFO: 双机器人互动模块入口
2021-07-22 15:16:22,663 - speechRecognitionMode.py[line:144] - INFO: 唤醒成功！！

2021-07-22 15:16:22,666 - speechRecognitionMode.py[line:69] - INFO: 唤醒词音频为wakeUpResponse_wonengbangniganshaa.mp3
2021-07-22 15:16:24,368 - speechRecognitionMode.py[line:43] - INFO: 对话应答已回复！！

2021-07-22 15:16:28,888 - speechRecognitionMode.py[line:153] - INFO: mojaAsr:今天的天气。
2021-07-22 15:16:29,731 - speechRecognitionMode.py[line:168] - INFO: intent: USER_WEATHER
slots: [{'word_type': '', 'fuzzy_matches': [], 'confidence': 100.0, 'length': 2, 'name': 'user_time', 'original_word': '今天', 'sub_slots': [], 'session_offset': 0, 'begin': 0, 'normalized_word': '2021-07-22', 'merge_method': 'ADD'}]
2021-07-22 15:16:35,524 - speechRecognitionMode.py[line:144] - INFO: 唤醒成功！！

2021-07-22 15:16:35,524 - speechRecognitionMode.py[line:69] - INFO: 唤醒词音频为wakeUpResponse_wonengbangniganshaa.mp3
2021-07-22 15:16:37,205 - speechRecognitionMode.py[line:43] - INFO: 对话应答已回复！！

2021-07-22 15:16:41,088 - speechRecognitionMode.py[line:153] - INFO: mojaAsr:北京。
2021-07-22 15:16:41,846 - speechRecognitionMode.py[line:168] - INFO: intent: 
slots: []
2021-07-22 15:17:01,720 - speechRecognitionMode.py[line:181] - INFO: 没有唤醒！！

2021-07-22 15:17:14,738 - main.py[line:21] - INFO: 墨甲导览机器人启动入口
2021-07-22 15:17:14,811 - speechRecognitionMode.py[line:132] - INFO: 语音识别模块入口
2021-07-22 15:17:14,813 - dualRobotInteractionMode.py[line:135] - INFO: 双机器人互动模块入口
2021-07-22 15:17:17,128 - speechRecognitionMode.py[line:144] - INFO: 唤醒成功！！

2021-07-22 15:17:17,128 - speechRecognitionMode.py[line:69] - INFO: 唤醒词音频为wakeUpResponse_shuobayoushenmwokeyibangni.mp3
2021-07-22 15:17:20,129 - speechRecognitionMode.py[line:43] - INFO: 对话应答已回复！！

2021-07-22 15:17:24,648 - speechRecognitionMode.py[line:153] - INFO: mojaAsr:今天的天气。
2021-07-22 15:17:25,308 - speechRecognitionMode.py[line:168] - INFO: intent: USER_WEATHER
slots: [{'word_type': '', 'fuzzy_matches': [], 'confidence': 100.0, 'length': 2, 'name': 'user_time', 'original_word': '今天', 'sub_slots': [], 'session_offset': 0, 'begin': 0, 'normalized_word': '2021-07-22', 'merge_method': 'ADD'}]
2021-07-22 15:17:30,327 - speechRecognitionMode.py[line:144] - INFO: 唤醒成功！！

2021-07-22 15:17:30,329 - speechRecognitionMode.py[line:69] - INFO: 唤醒词音频为wakeUpResponse_wonengbangniganshaa.mp3
2021-07-22 15:17:32,022 - speechRecognitionMode.py[line:43] - INFO: 对话应答已回复！！

2021-07-22 15:17:35,883 - speechRecognitionMode.py[line:153] - INFO: mojaAsr:北京。
2021-07-22 15:17:37,422 - speechRecognitionMode.py[line:168] - INFO: intent: 
slots: []
2021-07-22 15:17:57,248 - speechRecognitionMode.py[line:181] - INFO: 没有唤醒！！

2021-07-22 15:18:14,045 - speechRecognitionMode.py[line:181] - INFO: 没有唤醒！！

2021-07-22 15:18:18,434 - main.py[line:21] - INFO: 墨甲导览机器人启动入口
2021-07-22 15:18:18,489 - speechRecognitionMode.py[line:132] - INFO: 语音识别模块入口
2021-07-22 15:18:18,491 - dualRobotInteractionMode.py[line:135] - INFO: 双机器人互动模块入口
2021-07-22 15:18:36,010 - speechRecognitionMode.py[line:181] - INFO: 没有唤醒！！

2021-07-22 15:18:53,536 - speechRecognitionMode.py[line:181] - INFO: 没有唤醒！！

2021-07-22 15:19:02,275 - speechRecognitionMode.py[line:144] - INFO: 唤醒成功！！

2021-07-22 15:19:02,275 - speechRecognitionMode.py[line:69] - INFO: 唤醒词音频为wakeUpResponse_wonengbangniganshaa.mp3
2021-07-22 15:19:04,036 - speechRecognitionMode.py[line:43] - INFO: 对话应答已回复！！

2021-07-22 15:19:08,718 - speechRecognitionMode.py[line:153] - INFO: mojaAsr:今天的天气。
2021-07-22 15:19:09,365 - speechRecognitionMode.py[line:168] - INFO: intent: USER_WEATHER
slots: [{'word_type': '', 'fuzzy_matches': [], 'confidence': 100.0, 'length': 2, 'name': 'user_time', 'original_word': '今天', 'sub_slots': [], 'session_offset': 0, 'begin': 0, 'normalized_word': '2021-07-22', 'merge_method': 'ADD'}]
2021-07-22 15:19:16,167 - speechRecognitionMode.py[line:144] - INFO: 唤醒成功！！

2021-07-22 15:19:16,167 - speechRecognitionMode.py[line:69] - INFO: 唤醒词音频为wakeUpResponse_wonengbangniganshaa.mp3
2021-07-22 15:19:17,840 - speechRecognitionMode.py[line:43] - INFO: 对话应答已回复！！

2021-07-22 15:19:21,653 - speechRecognitionMode.py[line:153] - INFO: mojaAsr:北京。
2021-07-22 15:19:22,083 - speechRecognitionMode.py[line:168] - INFO: intent: 
slots: []
2021-07-22 15:19:41,902 - speechRecognitionMode.py[line:181] - INFO: 没有唤醒！！

2021-07-22 15:19:58,520 - speechRecognitionMode.py[line:181] - INFO: 没有唤醒！！

2021-07-22 15:20:15,202 - speechRecognitionMode.py[line:181] - INFO: 没有唤醒！！

2021-07-22 15:20:26,337 - main.py[line:21] - INFO: 墨甲导览机器人启动入口
2021-07-22 15:20:26,394 - speechRecognitionMode.py[line:132] - INFO: 语音识别模块入口
2021-07-22 15:20:26,394 - dualRobotInteractionMode.py[line:135] - INFO: 双机器人互动模块入口
2021-07-22 15:20:28,871 - speechRecognitionMode.py[line:144] - INFO: 唤醒成功！！

2021-07-22 15:20:28,872 - speechRecognitionMode.py[line:69] - INFO: 唤醒词音频为wakeUpResponse_woxianzaibuxiangshuohua.mp3
2021-07-22 15:20:30,805 - speechRecognitionMode.py[line:43] - INFO: 对话应答已回复！！

2021-07-22 15:20:35,520 - speechRecognitionMode.py[line:153] - INFO: mojaAsr:今天的天气。
2021-07-22 15:20:35,592 - BaiduCloudClass.py[line:64] - INFO: ASR Exception Happened: 'Baidu_NLU' object has no attribute 'body'
2021-07-22 15:20:35,593 - speechRecognitionMode.py[line:58] - INFO: 异常音频为exception_happened_4.mp3
2021-07-22 15:20:38,896 - speechRecognitionMode.py[line:43] - INFO: 对话应答已回复！！

2021-07-22 15:20:55,448 - speechRecognitionMode.py[line:181] - INFO: 没有唤醒！！

2021-07-22 15:23:58,007 - main.py[line:21] - INFO: 墨甲导览机器人启动入口
2021-07-22 15:23:58,088 - speechRecognitionMode.py[line:132] - INFO: 语音识别模块入口
2021-07-22 15:23:58,097 - dualRobotInteractionMode.py[line:135] - INFO: 双机器人互动模块入口
2021-07-22 15:23:59,591 - speechRecognitionMode.py[line:144] - INFO: 唤醒成功！！

2021-07-22 15:23:59,592 - speechRecognitionMode.py[line:69] - INFO: 唤醒词音频为wakeUpResponse_woxiangxiabanqingbuyaojiaowoo.mp3
2021-07-22 15:24:02,333 - speechRecognitionMode.py[line:43] - INFO: 对话应答已回复！！

2021-07-22 15:24:06,869 - speechRecognitionMode.py[line:153] - INFO: mojaAsr:今天的天气。
2021-07-22 15:24:32,090 - main.py[line:21] - INFO: 墨甲导览机器人启动入口
2021-07-22 15:24:32,148 - speechRecognitionMode.py[line:132] - INFO: 语音识别模块入口
2021-07-22 15:24:32,150 - dualRobotInteractionMode.py[line:135] - INFO: 双机器人互动模块入口
2021-07-22 15:24:34,309 - speechRecognitionMode.py[line:144] - INFO: 唤醒成功！！

2021-07-22 15:24:34,309 - speechRecognitionMode.py[line:69] - INFO: 唤醒词音频为wakeUpResponse_woxiangxiabanqingbuyaojiaowoo.mp3
2021-07-22 15:24:37,052 - speechRecognitionMode.py[line:43] - INFO: 对话应答已回复！！

2021-07-22 15:24:42,159 - speechRecognitionMode.py[line:153] - INFO: mojaAsr:今天的天气。
2021-07-22 15:25:05,789 - main.py[line:21] - INFO: 墨甲导览机器人启动入口
2021-07-22 15:25:05,846 - speechRecognitionMode.py[line:132] - INFO: 语音识别模块入口
2021-07-22 15:25:05,848 - dualRobotInteractionMode.py[line:135] - INFO: 双机器人互动模块入口
2021-07-22 15:25:08,557 - speechRecognitionMode.py[line:144] - INFO: 唤醒成功！！

2021-07-22 15:25:08,557 - speechRecognitionMode.py[line:69] - INFO: 唤醒词音频为wakeUpResponse_jiaowogansha.mp3
2021-07-22 15:25:09,954 - speechRecognitionMode.py[line:43] - INFO: 对话应答已回复！！

2021-07-22 15:25:14,353 - speechRecognitionMode.py[line:153] - INFO: mojaAsr:今天的天气。
2021-07-22 15:25:14,814 - speechRecognitionMode.py[line:168] - INFO: intent: USER_WEATHER
slots: [{'word_type': '', 'fuzzy_matches': [], 'confidence': 100.0, 'length': 2, 'name': 'user_time', 'original_word': '今天', 'sub_slots': [], 'session_offset': 0, 'begin': 0, 'normalized_word': '2021-07-22', 'merge_method': 'ADD'}]
2021-07-22 15:25:21,501 - speechRecognitionMode.py[line:144] - INFO: 唤醒成功！！

2021-07-22 15:25:21,501 - speechRecognitionMode.py[line:69] - INFO: 唤醒词音频为wakeUpResponse_jiaowogansha.mp3
2021-07-22 15:25:22,849 - speechRecognitionMode.py[line:43] - INFO: 对话应答已回复！！

2021-07-22 15:25:26,753 - speechRecognitionMode.py[line:153] - INFO: mojaAsr:北京。
2021-07-22 15:25:27,120 - speechRecognitionMode.py[line:168] - INFO: intent: 
slots: []
2021-07-22 15:28:14,502 - main.py[line:21] - INFO: 墨甲导览机器人启动入口
2021-07-22 15:28:14,561 - speechRecognitionMode.py[line:132] - INFO: 语音识别模块入口
2021-07-22 15:28:14,570 - dualRobotInteractionMode.py[line:135] - INFO: 双机器人互动模块入口
2021-07-22 15:28:17,154 - speechRecognitionMode.py[line:144] - INFO: 唤醒成功！！

2021-07-22 15:28:17,156 - speechRecognitionMode.py[line:69] - INFO: 唤醒词音频为wakeUpResponse_wonengbangniganshaa.mp3
2021-07-22 15:28:18,873 - speechRecognitionMode.py[line:43] - INFO: 对话应答已回复！！

2021-07-22 15:28:23,081 - speechRecognitionMode.py[line:153] - INFO: mojaAsr:今天的天气。
2021-07-22 15:28:43,897 - main.py[line:21] - INFO: 墨甲导览机器人启动入口
2021-07-22 15:28:43,954 - speechRecognitionMode.py[line:132] - INFO: 语音识别模块入口
2021-07-22 15:28:43,954 - dualRobotInteractionMode.py[line:135] - INFO: 双机器人互动模块入口
2021-07-22 15:28:47,089 - speechRecognitionMode.py[line:144] - INFO: 唤醒成功！！

2021-07-22 15:28:47,092 - speechRecognitionMode.py[line:69] - INFO: 唤醒词音频为wakeUpResponse_woxiangxiabanqingbuyaojiaowoo.mp3
2021-07-22 15:28:49,869 - speechRecognitionMode.py[line:43] - INFO: 对话应答已回复！！

2021-07-22 15:28:54,529 - speechRecognitionMode.py[line:153] - INFO: mojaAsr:今天的天气。
2021-07-22 15:31:23,318 - main.py[line:21] - INFO: 墨甲导览机器人启动入口
2021-07-22 15:31:23,378 - speechRecognitionMode.py[line:132] - INFO: 语音识别模块入口
2021-07-22 15:31:23,380 - dualRobotInteractionMode.py[line:135] - INFO: 双机器人互动模块入口
2021-07-22 15:31:25,890 - speechRecognitionMode.py[line:144] - INFO: 唤醒成功！！

2021-07-22 15:31:25,890 - speechRecognitionMode.py[line:69] - INFO: 唤醒词音频为wakeUpResponse_shuobayoushenmwokeyibangni.mp3
2021-07-22 15:31:28,883 - speechRecognitionMode.py[line:43] - INFO: 对话应答已回复！！

2021-07-22 15:31:33,565 - speechRecognitionMode.py[line:153] - INFO: mojaAsr:今天的天气。
2021-07-22 15:31:34,166 - speechRecognitionMode.py[line:168] - INFO: intent: USER_WEATHER
slots: [{'word_type': '', 'fuzzy_matches': [], 'confidence': 100.0, 'length': 2, 'name': 'user_time', 'original_word': '今天', 'sub_slots': [], 'session_offset': 0, 'begin': 0, 'normalized_word': '2021-07-22', 'merge_method': 'ADD'}]
2021-07-22 15:31:39,403 - speechRecognitionMode.py[line:144] - INFO: 唤醒成功！！

2021-07-22 15:31:39,404 - speechRecognitionMode.py[line:69] - INFO: 唤醒词音频为wakeUpResponse_woxiangxiabanqingbuyaojiaowoo.mp3
2021-07-22 15:31:42,128 - speechRecognitionMode.py[line:43] - INFO: 对话应答已回复！！

2021-07-22 15:31:46,005 - speechRecognitionMode.py[line:153] - INFO: mojaAsr:北京。
2021-07-22 15:31:46,709 - speechRecognitionMode.py[line:168] - INFO: intent: USER_WEATHER
slots: [{'word_type': '', 'fuzzy_matches': [], 'confidence': 100.0, 'length': 2, 'name': 'user_loc', 'original_word': '北京', 'sub_slots': [], 'session_offset': 0, 'begin': 0, 'normalized_word': '北京', 'merge_method': 'ADD'}, {'word_type': '', 'fuzzy_matches': [], 'confidence': 100.0, 'length': 2, 'name': 'user_time', 'original_word': '今天', 'sub_slots': [], 'session_offset': 1, 'begin': 0, 'normalized_word': '2021-07-22', 'merge_method': 'ADD'}]
2021-07-22 15:31:57,437 - speechRecognitionMode.py[line:144] - INFO: 唤醒成功！！

2021-07-22 15:31:57,437 - speechRecognitionMode.py[line:69] - INFO: 唤醒词音频为wakeUpResponse_woxianzaibuxiangshuohua.mp3
2021-07-22 15:31:59,334 - speechRecognitionMode.py[line:43] - INFO: 对话应答已回复！！

2021-07-22 15:32:03,261 - speechRecognitionMode.py[line:153] - INFO: mojaAsr:今天的天气。
2021-07-22 15:32:03,845 - speechRecognitionMode.py[line:168] - INFO: intent: USER_WEATHER
slots: [{'word_type': '', 'fuzzy_matches': [], 'confidence': 100.0, 'length': 2, 'name': 'user_loc', 'original_word': '北京', 'sub_slots': [], 'session_offset': 1, 'begin': 0, 'normalized_word': '北京', 'merge_method': 'ADD'}, {'word_type': '', 'fuzzy_matches': [], 'confidence': 100.0, 'length': 2, 'name': 'user_time', 'original_word': '今天', 'sub_slots': [], 'session_offset': 0, 'begin': 0, 'normalized_word': '2021-07-22', 'merge_method': 'UPDATE'}]
2021-07-22 15:32:13,736 - speechRecognitionMode.py[line:144] - INFO: 唤醒成功！！

2021-07-22 15:32:13,736 - speechRecognitionMode.py[line:69] - INFO: 唤醒词音频为wakeUpResponse_shuobayoushenmwokeyibangni.mp3
2021-07-22 15:32:16,689 - speechRecognitionMode.py[line:43] - INFO: 对话应答已回复！！

2021-07-22 15:32:20,646 - speechRecognitionMode.py[line:153] - INFO: mojaAsr:今天的天气。
2021-07-22 15:32:22,614 - speechRecognitionMode.py[line:168] - INFO: intent: USER_WEATHER
slots: [{'word_type': '', 'fuzzy_matches': [], 'confidence': 100.0, 'length': 2, 'name': 'user_loc', 'original_word': '北京', 'sub_slots': [], 'session_offset': 2, 'begin': 0, 'normalized_word': '北京', 'merge_method': 'ADD'}, {'word_type': '', 'fuzzy_matches': [], 'confidence': 100.0, 'length': 2, 'name': 'user_time', 'original_word': '今天', 'sub_slots': [], 'session_offset': 0, 'begin': 0, 'normalized_word': '2021-07-22', 'merge_method': 'UPDATE'}]
2021-07-22 15:32:31,962 - speechRecognitionMode.py[line:144] - INFO: 唤醒成功！！

2021-07-22 15:32:31,963 - speechRecognitionMode.py[line:69] - INFO: 唤醒词音频为wakeUpResponse_woxiangxiabanqingbuyaojiaowoo.mp3
2021-07-22 15:32:34,681 - speechRecognitionMode.py[line:43] - INFO: 对话应答已回复！！

2021-07-22 15:32:38,581 - speechRecognitionMode.py[line:153] - INFO: mojaAsr:请带我去导览。
2021-07-22 15:32:39,307 - speechRecognitionMode.py[line:168] - INFO: intent: GUIDE
slots: [{'word_type': '', 'fuzzy_matches': [], 'confidence': 100.0, 'length': 2, 'name': 'user_guide', 'original_word': '导览', 'sub_slots': [], 'session_offset': 0, 'normalized_word': '导览', 'begin': 4, 'merge_method': 'ADD'}]
2021-07-22 15:32:45,978 - speechRecognitionMode.py[line:144] - INFO: 唤醒成功！！

2021-07-22 15:32:45,978 - speechRecognitionMode.py[line:69] - INFO: 唤醒词音频为wakeUpResponse_woxiangxiabanqingbuyaojiaowoo.mp3
2021-07-22 15:32:48,694 - speechRecognitionMode.py[line:43] - INFO: 对话应答已回复！！

2021-07-22 15:32:52,574 - speechRecognitionMode.py[line:153] - INFO: mojaAsr:今天的天气。
2021-07-22 15:32:53,399 - speechRecognitionMode.py[line:168] - INFO: intent: USER_WEATHER
slots: [{'word_type': '', 'fuzzy_matches': [], 'confidence': 100.0, 'length': 2, 'name': 'user_loc', 'original_word': '北京', 'sub_slots': [], 'session_offset': 4, 'begin': 0, 'normalized_word': '北京', 'merge_method': 'ADD'}, {'word_type': '', 'fuzzy_matches': [], 'confidence': 100.0, 'length': 2, 'name': 'user_time', 'original_word': '今天', 'sub_slots': [], 'session_offset': 0, 'begin': 0, 'normalized_word': '2021-07-22', 'merge_method': 'UPDATE'}]
2021-07-22 15:33:05,805 - speechRecognitionMode.py[line:144] - INFO: 唤醒成功！！

2021-07-22 15:33:05,806 - speechRecognitionMode.py[line:69] - INFO: 唤醒词音频为wakeUpResponse_wonengbangniganshaa.mp3
2021-07-22 15:33:07,487 - speechRecognitionMode.py[line:43] - INFO: 对话应答已回复！！

2021-07-22 15:33:11,452 - speechRecognitionMode.py[line:153] - INFO: mojaAsr:郑州。
2021-07-22 15:33:12,210 - speechRecognitionMode.py[line:168] - INFO: intent: USER_WEATHER
slots: [{'word_type': '', 'fuzzy_matches': [], 'confidence': 100.0, 'length': 2, 'name': 'user_loc', 'original_word': '郑州', 'sub_slots': [], 'session_offset': 0, 'begin': 0, 'normalized_word': '郑州', 'merge_method': 'UPDATE'}, {'word_type': '', 'fuzzy_matches': [], 'confidence': 100.0, 'length': 2, 'name': 'user_time', 'original_word': '今天', 'sub_slots': [], 'session_offset': 1, 'begin': 0, 'normalized_word': '2021-07-22', 'merge_method': 'UPDATE'}]
2021-07-22 15:36:43,901 - main.py[line:21] - INFO: 墨甲导览机器人启动入口
2021-07-22 15:36:43,966 - speechRecognitionMode.py[line:132] - INFO: 语音识别模块入口
2021-07-22 15:36:43,980 - dualRobotInteractionMode.py[line:135] - INFO: 双机器人互动模块入口
2021-07-22 15:36:46,523 - speechRecognitionMode.py[line:144] - INFO: 唤醒成功！！

2021-07-22 15:36:46,524 - speechRecognitionMode.py[line:69] - INFO: 唤醒词音频为wakeUpResponse_woxianzaibuxiangshuohua.mp3
2021-07-22 15:36:48,443 - speechRecognitionMode.py[line:43] - INFO: 对话应答已回复！！

2021-07-22 15:37:04,073 - main.py[line:21] - INFO: 墨甲导览机器人启动入口
2021-07-22 15:37:04,135 - speechRecognitionMode.py[line:132] - INFO: 语音识别模块入口
2021-07-22 15:37:04,148 - dualRobotInteractionMode.py[line:135] - INFO: 双机器人互动模块入口
2021-07-22 15:37:06,253 - speechRecognitionMode.py[line:144] - INFO: 唤醒成功！！

2021-07-22 15:37:06,253 - speechRecognitionMode.py[line:69] - INFO: 唤醒词音频为wakeUpResponse_woxiangxiabanqingbuyaojiaowoo.mp3
2021-07-22 15:37:08,993 - speechRecognitionMode.py[line:43] - INFO: 对话应答已回复！！

2021-07-22 15:37:13,260 - speechRecognitionMode.py[line:153] - INFO: mojaAsr:今天的天气。
2021-07-22 15:37:13,945 - speechRecognitionMode.py[line:168] - INFO: intent: USER_WEATHER
slots: [{'word_type': '', 'fuzzy_matches': [], 'confidence': 100.0, 'length': 2, 'name': 'user_time', 'original_word': '今天', 'sub_slots': [], 'session_offset': 0, 'begin': 0, 'normalized_word': '2021-07-22', 'merge_method': 'ADD'}]
2021-07-22 15:37:19,605 - speechRecognitionMode.py[line:144] - INFO: 唤醒成功！！

2021-07-22 15:37:19,605 - speechRecognitionMode.py[line:69] - INFO: 唤醒词音频为wakeUpResponse_woxiangxiabanqingbuyaojiaowoo.mp3
2021-07-22 15:37:22,320 - speechRecognitionMode.py[line:43] - INFO: 对话应答已回复！！

2021-07-22 15:37:26,010 - speechRecognitionMode.py[line:153] - INFO: mojaAsr:北京。
2021-07-22 15:37:26,854 - speechRecognitionMode.py[line:168] - INFO: intent: USER_WEATHER
slots: [{'word_type': '', 'fuzzy_matches': [], 'confidence': 100.0, 'length': 2, 'name': 'user_loc', 'original_word': '北京', 'sub_slots': [], 'session_offset': 0, 'begin': 0, 'normalized_word': '北京', 'merge_method': 'ADD'}, {'word_type': '', 'fuzzy_matches': [], 'confidence': 100.0, 'length': 2, 'name': 'user_time', 'original_word': '今天', 'sub_slots': [], 'session_offset': 1, 'begin': 0, 'normalized_word': '2021-07-22', 'merge_method': 'ADD'}]
2021-07-22 15:37:49,288 - speechRecognitionMode.py[line:181] - INFO: 没有唤醒！！

