============================================================
Time  2021/07/22 11:23:47 414 
============================================================
[2021/07/22 11:23:47 417] lgi        684  SYS_MSG_LOAD  
[2021/07/22 11:23:47 424] lgi        706  SYS_MSG_REGCB  msp_status_cb  func(21b7c78) 
[2021/07/22 11:23:47 424] lgi        298  LGI_MSG_INIT  
[2021/07/22 11:23:47 424] lgi        305  lgi  lgi_  268436457  1552301824  
[2021/07/22 11:23:47 424] lgi        347  work_dir  .  
[2021/07/22 11:23:47 424] lgi        403  token:  nil  
[2021/07/22 11:23:47 424] lgi        476  msc cver : 5.0.42.1226  
[2021/07/22 11:23:47 427] lgi        519  ns_enable=  1  
[2021/07/22 11:23:47 427] lgi        531  prot_ver=1  
[2021/07/22 11:23:47 427] lgi        542  prot_type=tcp  
[2021/07/22 11:23:47 428] lgi        693  SYS_MSG_UNLOAD  go bg!  
[2021/07/22 11:24:12 859] lgi        697  SYS_MSG_SHUTDOWN  
============================================================
Time  2021/07/22 11:24:15 634 
============================================================
[2021/07/22 11:24:15 635] lgi        684  SYS_MSG_LOAD  
[2021/07/22 11:24:15 644] lgi        706  SYS_MSG_REGCB  msp_status_cb  func(1ea7c78) 
[2021/07/22 11:24:15 644] lgi        298  LGI_MSG_INIT  
[2021/07/22 11:24:15 644] lgi        305  lgi  lgi_  268436457  1552301824  
[2021/07/22 11:24:15 644] lgi        347  work_dir  .  
[2021/07/22 11:24:15 644] lgi        403  token:  nil  
[2021/07/22 11:24:15 644] lgi        476  msc cver : 5.0.42.1226  
[2021/07/22 11:24:15 645] lgi        519  ns_enable=  1  
[2021/07/22 11:24:15 645] lgi        531  prot_ver=1  
[2021/07/22 11:24:15 645] lgi        542  prot_type=tcp  
[2021/07/22 11:24:15 647] lgi        693  SYS_MSG_UNLOAD  go bg!  
============================================================
Time  2021/07/22 11:25:26 220 
============================================================
[2021/07/22 11:25:26 220] lgi        684  SYS_MSG_LOAD  
[2021/07/22 11:25:26 227] lgi        706  SYS_MSG_REGCB  msp_status_cb  func(1787c78) 
[2021/07/22 11:25:26 229] lgi        298  LGI_MSG_INIT  
[2021/07/22 11:25:26 229] lgi        305  lgi  lgi_  268436457  1552301824  
[2021/07/22 11:25:26 229] lgi        347  work_dir  .  
[2021/07/22 11:25:26 229] lgi        403  token:  nil  
[2021/07/22 11:25:26 230] lgi        476  msc cver : 5.0.42.1226  
[2021/07/22 11:25:26 230] lgi        519  ns_enable=  1  
[2021/07/22 11:25:26 230] lgi        531  prot_ver=1  
[2021/07/22 11:25:26 230] lgi        542  prot_type=tcp  
[2021/07/22 11:25:26 230] lgi        693  SYS_MSG_UNLOAD  go bg!  
============================================================
Time  2021/07/22 11:26:28 871 
============================================================
[2021/07/22 11:26:28 871] lgi        684  SYS_MSG_LOAD  
[2021/07/22 11:26:28 878] lgi        706  SYS_MSG_REGCB  msp_status_cb  func(1c37c78) 
[2021/07/22 11:26:28 880] lgi        298  LGI_MSG_INIT  
[2021/07/22 11:26:28 880] lgi        305  lgi  lgi_  268436457  1552301824  
[2021/07/22 11:26:28 880] lgi        347  work_dir  .  
[2021/07/22 11:26:28 881] lgi        403  token:  nil  
[2021/07/22 11:26:28 881] lgi        476  msc cver : 5.0.42.1226  
[2021/07/22 11:26:28 881] lgi        519  ns_enable=  1  
[2021/07/22 11:26:28 881] lgi        531  prot_ver=1  
[2021/07/22 11:26:28 881] lgi        542  prot_type=tcp  
[2021/07/22 11:26:28 881] lgi        693  SYS_MSG_UNLOAD  go bg!  
