2021-07-01 11:31:10,002 - main.py[line:21] - INFO: 墨甲导览机器人启动入口
2021-07-01 11:31:10,068 - speechRecognitionMode.py[line:131] - INFO: 语音识别模块入口
2021-07-01 11:31:10,068 - mapRouteSettingMode.py[line:16] - INFO: 地图路线设置模块入口
2021-07-01 11:31:10,074 - dualRobotInteractionMode.py[line:114] - INFO: 双机器人互动模块入口
2021-07-01 11:31:10,074 - positionInformationFromChassisMode.py[line:47] - INFO: 底盘交互模块模块入口
2021-07-01 11:31:15,239 - speechRecognitionMode.py[line:143] - INFO: 唤醒成功！！

2021-07-01 11:31:15,355 - speechRecognitionMode.py[line:68] - INFO: 唤醒词音频为wakeUpResponse_wonengbangniganshaa.mp3
2021-07-01 11:31:17,189 - speechRecognitionMode.py[line:42] - INFO: 对话应答已回复！！

2021-07-01 11:31:23,325 - speechRecognitionMode.py[line:152] - INFO: mojaAsr:移动到点位一。
2021-07-01 11:31:24,669 - speechRecognitionMode.py[line:168] - INFO: intent: ROBOT_MOVE
slots: [{'word_type': '', 'fuzzy_matches': [], 'confidence': 0.09630311280488968, 'length': 3, 'name': 'user_robot_move', 'original_word': '移动到', 'sub_slots': [], 'session_offset': 0, 'normalized_word': '移动到', 'begin': 0, 'merge_method': 'ADD'}, {'word_type': '', 'fuzzy_matches': [], 'confidence': 0.80632483959198, 'length': 3, 'name': 'user_robot_mv_target', 'original_word': '点位一', 'sub_slots': [], 'session_offset': 0, 'normalized_word': '点位一', 'begin': 3, 'merge_method': 'ADD'}]
2021-07-01 11:31:27,981 - speechRecognitionMode.py[line:42] - INFO: 对话应答已回复！！

2021-07-01 11:31:27,981 - mapRouteSettingMode.py[line:24] - INFO: 地图设置向模块底层发送数据
2021-07-01 11:31:27,985 - serialClass.py[line:65] - INFO: {'position2': '[-0.79,-0.26,0]'}
2021-07-01 11:31:27,993 - serialClass.py[line:140] - INFO: wifi:connecting
2021-07-01 11:31:27,993 - serialClass.py[line:152] - INFO: 导航主机连接WIFI: wifi:connecting
2021-07-01 11:31:27,993 - serialClass.py[line:133] - INFO: WIFI IP: )
2021-07-01 11:31:27,993 - serialClass.py[line:140] - INFO: set_flag_point:success
2021-07-01 11:31:27,994 - serialClass.py[line:148] - INFO: 给定目标点名称导航: set_flag_point:success
2021-07-01 11:31:27,995 - serialClass.py[line:140] - INFO: wifi:connect success
2021-07-01 11:31:27,995 - serialClass.py[line:152] - INFO: 导航主机连接WIFI: wifi:connect success
2021-07-01 11:31:27,997 - serialClass.py[line:140] - INFO: point:0
2021-07-01 11:31:27,997 - serialClass.py[line:148] - INFO: 给定目标点名称导航: point:0
2021-07-01 11:31:44,416 - speechRecognitionMode.py[line:179] - INFO: 没有唤醒！！

2021-07-01 11:32:00,825 - speechRecognitionMode.py[line:179] - INFO: 没有唤醒！！

2021-07-01 11:32:24,824 - main.py[line:21] - INFO: 墨甲导览机器人启动入口
2021-07-01 11:32:24,886 - speechRecognitionMode.py[line:131] - INFO: 语音识别模块入口
2021-07-01 11:32:24,889 - mapRouteSettingMode.py[line:16] - INFO: 地图路线设置模块入口
2021-07-01 11:32:24,889 - dualRobotInteractionMode.py[line:114] - INFO: 双机器人互动模块入口
2021-07-01 11:32:24,889 - positionInformationFromChassisMode.py[line:47] - INFO: 底盘交互模块模块入口
2021-07-01 11:32:29,282 - speechRecognitionMode.py[line:143] - INFO: 唤醒成功！！

2021-07-01 11:32:29,302 - speechRecognitionMode.py[line:68] - INFO: 唤醒词音频为wakeUpResponse_shuobayoushenmwokeyibangni.mp3
2021-07-01 11:32:32,429 - speechRecognitionMode.py[line:42] - INFO: 对话应答已回复！！

2021-07-01 11:32:38,892 - speechRecognitionMode.py[line:152] - INFO: mojaAsr:到点为一。
2021-07-01 11:32:39,836 - speechRecognitionMode.py[line:168] - INFO: intent: 
slots: []
2021-07-01 11:32:42,841 - speechRecognitionMode.py[line:42] - INFO: 对话应答已回复！！

2021-07-01 11:32:45,643 - speechRecognitionMode.py[line:143] - INFO: 唤醒成功！！

2021-07-01 11:32:45,661 - speechRecognitionMode.py[line:68] - INFO: 唤醒词音频为wakeUpResponse_jiaowogansha.mp3
2021-07-01 11:32:47,099 - speechRecognitionMode.py[line:42] - INFO: 对话应答已回复！！

2021-07-01 11:32:52,192 - speechRecognitionMode.py[line:152] - INFO: mojaAsr:请移动到点位一。
2021-07-01 11:32:53,543 - speechRecognitionMode.py[line:168] - INFO: intent: ROBOT_MOVE
slots: [{'word_type': '', 'fuzzy_matches': [], 'confidence': 0.09882287681102753, 'length': 4, 'name': 'user_robot_move', 'original_word': '请移动到', 'sub_slots': [], 'session_offset': 0, 'normalized_word': '请移动到', 'begin': 0, 'merge_method': 'ADD'}, {'word_type': '', 'fuzzy_matches': [], 'confidence': 0.7982473969459534, 'length': 3, 'name': 'user_robot_mv_target', 'original_word': '点位一', 'sub_slots': [], 'session_offset': 0, 'normalized_word': '点位一', 'begin': 4, 'merge_method': 'ADD'}]
2021-07-01 11:32:56,769 - speechRecognitionMode.py[line:42] - INFO: 对话应答已回复！！

2021-07-01 11:32:56,773 - mapRouteSettingMode.py[line:24] - INFO: 地图设置向模块底层发送数据
2021-07-01 11:32:56,779 - serialClass.py[line:65] - INFO: {'position2': '[-0.79,-0.26,0]'}
2021-07-01 11:32:56,786 - serialClass.py[line:140] - INFO: wifi:connecting
2021-07-01 11:32:56,786 - serialClass.py[line:152] - INFO: 导航主机连接WIFI: wifi:connecting
2021-07-01 11:32:56,786 - serialClass.py[line:133] - INFO: WIFI IP: 0
2021-07-01 11:32:56,786 - serialClass.py[line:140] - INFO: set_flag_point:success
2021-07-01 11:32:56,787 - serialClass.py[line:148] - INFO: 给定目标点名称导航: set_flag_point:success
2021-07-01 11:32:56,788 - serialClass.py[line:140] - INFO: wifi:connect success
2021-07-01 11:32:56,788 - serialClass.py[line:152] - INFO: 导航主机连接WIFI: wifi:connect success
2021-07-01 11:32:56,789 - serialClass.py[line:129] - INFO: move_status: 0
2021-07-01 11:32:56,791 - serialClass.py[line:140] - INFO: point:0
2021-07-01 11:32:56,791 - serialClass.py[line:148] - INFO: 给定目标点名称导航: point:0
2021-07-01 11:33:13,199 - speechRecognitionMode.py[line:179] - INFO: 没有唤醒！！

2021-07-01 11:34:28,045 - main.py[line:21] - INFO: 墨甲导览机器人启动入口
2021-07-01 11:34:28,109 - speechRecognitionMode.py[line:131] - INFO: 语音识别模块入口
2021-07-01 11:34:28,117 - mapRouteSettingMode.py[line:16] - INFO: 地图路线设置模块入口
2021-07-01 11:34:28,118 - dualRobotInteractionMode.py[line:114] - INFO: 双机器人互动模块入口
2021-07-01 11:34:28,119 - positionInformationFromChassisMode.py[line:47] - INFO: 底盘交互模块模块入口
2021-07-01 11:34:33,990 - speechRecognitionMode.py[line:143] - INFO: 唤醒成功！！

2021-07-01 11:34:34,043 - speechRecognitionMode.py[line:68] - INFO: 唤醒词音频为wakeUpResponse_jiaowogansha.mp3
2021-07-01 11:34:35,559 - speechRecognitionMode.py[line:42] - INFO: 对话应答已回复！！

2021-07-01 11:34:42,476 - speechRecognitionMode.py[line:152] - INFO: mojaAsr:请移动到点位一。
2021-07-01 11:34:43,730 - speechRecognitionMode.py[line:168] - INFO: intent: ROBOT_MOVE
slots: [{'word_type': '', 'fuzzy_matches': [], 'confidence': 0.09882287681102753, 'length': 4, 'name': 'user_robot_move', 'original_word': '请移动到', 'sub_slots': [], 'session_offset': 0, 'normalized_word': '请移动到', 'begin': 0, 'merge_method': 'ADD'}, {'word_type': '', 'fuzzy_matches': [], 'confidence': 0.7982473969459534, 'length': 3, 'name': 'user_robot_mv_target', 'original_word': '点位一', 'sub_slots': [], 'session_offset': 0, 'normalized_word': '点位一', 'begin': 4, 'merge_method': 'ADD'}]
2021-07-01 11:34:47,155 - speechRecognitionMode.py[line:42] - INFO: 对话应答已回复！！

2021-07-01 11:34:47,155 - mapRouteSettingMode.py[line:24] - INFO: 地图设置向模块底层发送数据
2021-07-01 11:34:47,158 - serialClass.py[line:65] - INFO: {'position2': '[-0.79,-0.26,0]'}
2021-07-01 11:34:47,166 - serialClass.py[line:140] - INFO: wifi:connecting
2021-07-01 11:34:47,166 - serialClass.py[line:152] - INFO: 导航主机连接WIFI: wifi:connecting
2021-07-01 11:34:47,166 - serialClass.py[line:133] - INFO: WIFI IP: )
2021-07-01 11:34:47,167 - serialClass.py[line:140] - INFO: set_flag_point:success
2021-07-01 11:34:47,167 - serialClass.py[line:148] - INFO: 给定目标点名称导航: set_flag_point:success
2021-07-01 11:34:47,168 - serialClass.py[line:140] - INFO: wifi:connect success
2021-07-01 11:34:47,169 - serialClass.py[line:152] - INFO: 导航主机连接WIFI: wifi:connect success
2021-07-01 11:34:47,170 - serialClass.py[line:140] - INFO: point:0
2021-07-01 11:34:47,170 - serialClass.py[line:148] - INFO: 给定目标点名称导航: point:0
2021-07-01 11:35:59,521 - main.py[line:21] - INFO: 墨甲导览机器人启动入口
2021-07-01 11:35:59,588 - speechRecognitionMode.py[line:131] - INFO: 语音识别模块入口
2021-07-01 11:35:59,594 - mapRouteSettingMode.py[line:16] - INFO: 地图路线设置模块入口
2021-07-01 11:35:59,594 - dualRobotInteractionMode.py[line:114] - INFO: 双机器人互动模块入口
2021-07-01 11:35:59,596 - positionInformationFromChassisMode.py[line:47] - INFO: 底盘交互模块模块入口
2021-07-01 11:36:05,010 - speechRecognitionMode.py[line:143] - INFO: 唤醒成功！！

2021-07-01 11:36:05,011 - speechRecognitionMode.py[line:68] - INFO: 唤醒词音频为wakeUpResponse_woxiangxiabanqingbuyaojiaowoo.mp3
2021-07-01 11:36:07,922 - speechRecognitionMode.py[line:42] - INFO: 对话应答已回复！！

2021-07-01 11:36:14,847 - speechRecognitionMode.py[line:152] - INFO: mojaAsr:请移动到点位一。
2021-07-01 11:36:16,013 - speechRecognitionMode.py[line:168] - INFO: intent: ROBOT_MOVE
slots: [{'word_type': '', 'fuzzy_matches': [], 'confidence': 0.09882287681102753, 'length': 4, 'name': 'user_robot_move', 'original_word': '请移动到', 'sub_slots': [], 'session_offset': 0, 'normalized_word': '请移动到', 'begin': 0, 'merge_method': 'ADD'}, {'word_type': '', 'fuzzy_matches': [], 'confidence': 0.7982473969459534, 'length': 3, 'name': 'user_robot_mv_target', 'original_word': '点位一', 'sub_slots': [], 'session_offset': 0, 'normalized_word': '点位一', 'begin': 4, 'merge_method': 'ADD'}]
2021-07-01 11:36:19,476 - speechRecognitionMode.py[line:42] - INFO: 对话应答已回复！！

2021-07-01 11:36:19,482 - mapRouteSettingMode.py[line:24] - INFO: 地图设置向模块底层发送数据
2021-07-01 11:36:19,482 - serialClass.py[line:65] - INFO: {'position2': '[-0.79,-0.26,0]'}
2021-07-01 11:36:19,488 - serialClass.py[line:133] - INFO: WIFI IP: )
2021-07-01 11:36:19,488 - serialClass.py[line:140] - INFO: wifi:connecting
2021-07-01 11:36:19,488 - serialClass.py[line:152] - INFO: 导航主机连接WIFI: wifi:connecting
2021-07-01 11:36:19,488 - serialClass.py[line:140] - INFO: set_flag_point:success
2021-07-01 11:36:19,489 - serialClass.py[line:148] - INFO: 给定目标点名称导航: set_flag_point:success
2021-07-01 11:36:19,490 - serialClass.py[line:140] - INFO: wifi:connect success
2021-07-01 11:36:19,490 - serialClass.py[line:152] - INFO: 导航主机连接WIFI: wifi:connect success
2021-07-01 11:36:19,506 - serialClass.py[line:140] - INFO: point:0
2021-07-01 11:36:19,506 - serialClass.py[line:148] - INFO: 给定目标点名称导航: point:0
2021-07-01 11:37:56,923 - main.py[line:21] - INFO: 墨甲导览机器人启动入口
2021-07-01 11:37:56,987 - speechRecognitionMode.py[line:131] - INFO: 语音识别模块入口
2021-07-01 11:37:56,992 - mapRouteSettingMode.py[line:16] - INFO: 地图路线设置模块入口
2021-07-01 11:37:56,992 - dualRobotInteractionMode.py[line:114] - INFO: 双机器人互动模块入口
2021-07-01 11:37:56,993 - positionInformationFromChassisMode.py[line:47] - INFO: 底盘交互模块模块入口
2021-07-01 11:45:25,054 - main.py[line:21] - INFO: 墨甲导览机器人启动入口
2021-07-01 11:45:25,122 - speechRecognitionMode.py[line:131] - INFO: 语音识别模块入口
2021-07-01 11:45:25,128 - mapRouteSettingMode.py[line:16] - INFO: 地图路线设置模块入口
2021-07-01 11:45:25,129 - dualRobotInteractionMode.py[line:114] - INFO: 双机器人互动模块入口
2021-07-01 11:45:25,129 - positionInformationFromChassisMode.py[line:47] - INFO: 底盘交互模块模块入口
2021-07-01 11:45:30,642 - speechRecognitionMode.py[line:143] - INFO: 唤醒成功！！

2021-07-01 11:45:30,642 - speechRecognitionMode.py[line:68] - INFO: 唤醒词音频为wakeUpResponse_wonengbangniganshaa.mp3
2021-07-01 11:45:32,475 - speechRecognitionMode.py[line:42] - INFO: 对话应答已回复！！

2021-07-01 11:45:38,562 - speechRecognitionMode.py[line:152] - INFO: mojaAsr:请移动到点位一。
2021-07-01 11:45:39,685 - speechRecognitionMode.py[line:168] - INFO: intent: ROBOT_MOVE
slots: [{'word_type': '', 'fuzzy_matches': [], 'confidence': 0.09882287681102753, 'length': 4, 'name': 'user_robot_move', 'original_word': '请移动到', 'sub_slots': [], 'session_offset': 0, 'normalized_word': '请移动到', 'begin': 0, 'merge_method': 'ADD'}, {'word_type': '', 'fuzzy_matches': [], 'confidence': 0.7982473969459534, 'length': 3, 'name': 'user_robot_mv_target', 'original_word': '点位一', 'sub_slots': [], 'session_offset': 0, 'normalized_word': '点位一', 'begin': 4, 'merge_method': 'ADD'}]
2021-07-01 11:45:43,075 - speechRecognitionMode.py[line:42] - INFO: 对话应答已回复！！

2021-07-01 11:45:43,080 - mapRouteSettingMode.py[line:24] - INFO: 地图设置向模块底层发送数据
2021-07-01 11:45:43,081 - serialClass.py[line:65] - INFO: {'position2': '[-0.79,-0.26,0]'}
2021-07-01 11:45:43,086 - serialClass.py[line:140] - INFO: wifi:connecting
2021-07-01 11:45:43,086 - serialClass.py[line:152] - INFO: 导航主机连接WIFI: wifi:connecting
2021-07-01 11:45:43,086 - serialClass.py[line:133] - INFO: WIFI IP: )
2021-07-01 11:45:43,086 - serialClass.py[line:140] - INFO: ip:127.0.0.1 ~~ connecting :)
2021-07-01 11:45:43,086 - serialClass.py[line:140] - INFO: set_flag_point:success
2021-07-01 11:45:43,086 - serialClass.py[line:148] - INFO: 给定目标点名称导航: set_flag_point:success
2021-07-01 11:45:43,087 - serialClass.py[line:140] - INFO: wifi:connect success
2021-07-01 11:45:43,087 - serialClass.py[line:152] - INFO: 导航主机连接WIFI: wifi:connect success
2021-07-01 11:45:43,099 - serialClass.py[line:140] - INFO: point:0
2021-07-01 11:45:43,099 - serialClass.py[line:148] - INFO: 给定目标点名称导航: point:0
2021-07-01 11:45:44,891 - serialClass.py[line:129] - INFO: move_status: 5
2021-07-01 11:45:44,891 - positionInformationFromChassisMode.py[line:38] - INFO: 有阻碍物！！！
2021-07-01 11:45:48,261 - positionInformationFromChassisMode.py[line:25] - INFO: 对话应答已回复！！

2021-07-01 11:45:50,585 - serialClass.py[line:129] - INFO: move_status: 2
2021-07-01 11:45:50,597 - dualRobotInteractionMode.py[line:87] - INFO: 到达位置A
2021-07-01 11:47:25,334 - main.py[line:21] - INFO: 墨甲导览机器人启动入口
2021-07-01 11:47:25,399 - speechRecognitionMode.py[line:131] - INFO: 语音识别模块入口
2021-07-01 11:47:25,403 - mapRouteSettingMode.py[line:16] - INFO: 地图路线设置模块入口
2021-07-01 11:47:25,404 - dualRobotInteractionMode.py[line:115] - INFO: 双机器人互动模块入口
2021-07-01 11:47:25,405 - positionInformationFromChassisMode.py[line:47] - INFO: 底盘交互模块模块入口
2021-07-01 11:47:28,660 - speechRecognitionMode.py[line:143] - INFO: 唤醒成功！！

2021-07-01 11:47:28,714 - speechRecognitionMode.py[line:68] - INFO: 唤醒词音频为wakeUpResponse_woxianzaibuxiangshuohua.mp3
2021-07-01 11:47:30,774 - speechRecognitionMode.py[line:42] - INFO: 对话应答已回复！！

2021-07-01 11:47:36,936 - speechRecognitionMode.py[line:152] - INFO: mojaAsr:请移动到点位一。
2021-07-01 11:47:38,186 - speechRecognitionMode.py[line:168] - INFO: intent: ROBOT_MOVE
slots: [{'word_type': '', 'fuzzy_matches': [], 'confidence': 0.09882287681102753, 'length': 4, 'name': 'user_robot_move', 'original_word': '请移动到', 'sub_slots': [], 'session_offset': 0, 'normalized_word': '请移动到', 'begin': 0, 'merge_method': 'ADD'}, {'word_type': '', 'fuzzy_matches': [], 'confidence': 0.7982473969459534, 'length': 3, 'name': 'user_robot_mv_target', 'original_word': '点位一', 'sub_slots': [], 'session_offset': 0, 'normalized_word': '点位一', 'begin': 4, 'merge_method': 'ADD'}]
2021-07-01 11:47:41,581 - speechRecognitionMode.py[line:42] - INFO: 对话应答已回复！！

2021-07-01 11:47:41,585 - mapRouteSettingMode.py[line:24] - INFO: 地图设置向模块底层发送数据
2021-07-01 11:47:41,585 - serialClass.py[line:65] - INFO: {'position2': '[-0.79,-0.26,0]'}
2021-07-01 11:47:41,592 - serialClass.py[line:140] - INFO: wifi:connecting
2021-07-01 11:47:41,592 - serialClass.py[line:152] - INFO: 导航主机连接WIFI: wifi:connecting
2021-07-01 11:47:41,592 - serialClass.py[line:133] - INFO: WIFI IP: )
2021-07-01 11:47:41,592 - serialClass.py[line:140] - INFO: set_flag_point:success
2021-07-01 11:47:41,593 - serialClass.py[line:148] - INFO: 给定目标点名称导航: set_flag_point:success
2021-07-01 11:47:41,594 - serialClass.py[line:140] - INFO: wifi:connect success
2021-07-01 11:47:41,594 - serialClass.py[line:152] - INFO: 导航主机连接WIFI: wifi:connect success
2021-07-01 11:47:41,603 - serialClass.py[line:140] - INFO: point:0
2021-07-01 11:47:41,603 - serialClass.py[line:148] - INFO: 给定目标点名称导航: point:0
2021-07-01 11:47:42,303 - serialClass.py[line:129] - INFO: move_status: 2
2021-07-01 11:47:42,309 - dualRobotInteractionMode.py[line:88] - INFO: 到达位置A
2021-07-01 11:47:42,433 - dualRobotInteractionMode.py[line:26] - INFO: 对话应答已回复！！

2021-07-01 11:47:48,414 - dualRobotInteractionMode.py[line:26] - INFO: 对话应答已回复！！

2021-07-01 11:47:50,652 - dualRobotInteractionMode.py[line:26] - INFO: 对话应答已回复！！

2021-07-01 11:47:51,358 - dualRobotInteractionMode.py[line:26] - INFO: 对话应答已回复！！

2021-07-01 11:47:52,631 - dualRobotInteractionMode.py[line:26] - INFO: 对话应答已回复！！

2021-07-01 11:47:58,171 - speechRecognitionMode.py[line:179] - INFO: 没有唤醒！！

2021-07-01 11:47:58,435 - dualRobotInteractionMode.py[line:26] - INFO: 对话应答已回复！！

2021-07-01 11:47:59,633 - dualRobotInteractionMode.py[line:26] - INFO: 对话应答已回复！！

2021-07-01 11:48:14,792 - speechRecognitionMode.py[line:179] - INFO: 没有唤醒！！

2021-07-01 11:48:31,547 - speechRecognitionMode.py[line:179] - INFO: 没有唤醒！！

2021-07-01 11:50:13,770 - main.py[line:21] - INFO: 墨甲导览机器人启动入口
2021-07-01 11:50:13,832 - speechRecognitionMode.py[line:131] - INFO: 语音识别模块入口
2021-07-01 11:50:13,836 - mapRouteSettingMode.py[line:16] - INFO: 地图路线设置模块入口
2021-07-01 11:50:13,836 - dualRobotInteractionMode.py[line:116] - INFO: 双机器人互动模块入口
2021-07-01 11:50:13,837 - positionInformationFromChassisMode.py[line:47] - INFO: 底盘交互模块模块入口
2021-07-01 11:50:18,523 - speechRecognitionMode.py[line:143] - INFO: 唤醒成功！！

2021-07-01 11:50:18,540 - speechRecognitionMode.py[line:68] - INFO: 唤醒词音频为wakeUpResponse_wonengbangniganshaa.mp3
2021-07-01 11:50:20,401 - speechRecognitionMode.py[line:42] - INFO: 对话应答已回复！！

2021-07-01 11:50:26,710 - speechRecognitionMode.py[line:152] - INFO: mojaAsr:请移动到点位一。
2021-07-01 11:50:27,658 - speechRecognitionMode.py[line:168] - INFO: intent: ROBOT_MOVE
slots: [{'word_type': '', 'fuzzy_matches': [], 'confidence': 0.09882287681102753, 'length': 4, 'name': 'user_robot_move', 'original_word': '请移动到', 'sub_slots': [], 'session_offset': 0, 'normalized_word': '请移动到', 'begin': 0, 'merge_method': 'ADD'}, {'word_type': '', 'fuzzy_matches': [], 'confidence': 0.7982473969459534, 'length': 3, 'name': 'user_robot_mv_target', 'original_word': '点位一', 'sub_slots': [], 'session_offset': 0, 'normalized_word': '点位一', 'begin': 4, 'merge_method': 'ADD'}]
2021-07-01 11:50:30,999 - speechRecognitionMode.py[line:42] - INFO: 对话应答已回复！！

2021-07-01 11:50:31,004 - mapRouteSettingMode.py[line:24] - INFO: 地图设置向模块底层发送数据
2021-07-01 11:50:31,013 - serialClass.py[line:65] - INFO: {'position2': '[-0.79,-0.26,0]'}
2021-07-01 11:50:31,020 - serialClass.py[line:140] - INFO: wifi:connecting
2021-07-01 11:50:31,020 - serialClass.py[line:152] - INFO: 导航主机连接WIFI: wifi:connecting
2021-07-01 11:50:31,020 - serialClass.py[line:133] - INFO: WIFI IP: )
2021-07-01 11:50:31,020 - serialClass.py[line:140] - INFO: set_flag_point:success
2021-07-01 11:50:31,021 - serialClass.py[line:148] - INFO: 给定目标点名称导航: set_flag_point:success
2021-07-01 11:50:31,022 - serialClass.py[line:140] - INFO: wifi:connect success
2021-07-01 11:50:31,022 - serialClass.py[line:152] - INFO: 导航主机连接WIFI: wifi:connect success
2021-07-01 11:50:31,030 - serialClass.py[line:140] - INFO: point:0
2021-07-01 11:50:31,030 - serialClass.py[line:148] - INFO: 给定目标点名称导航: point:0
2021-07-01 11:50:31,240 - serialClass.py[line:129] - INFO: move_status: 2
2021-07-01 11:50:31,247 - dualRobotInteractionMode.py[line:89] - INFO: 到达位置A
2021-07-01 11:50:31,374 - dualRobotInteractionMode.py[line:26] - INFO: 对话应答已回复！！

2021-07-01 11:50:37,383 - dualRobotInteractionMode.py[line:26] - INFO: 对话应答已回复！！

2021-07-01 11:50:39,583 - dualRobotInteractionMode.py[line:26] - INFO: 对话应答已回复！！

2021-07-01 11:50:40,310 - dualRobotInteractionMode.py[line:26] - INFO: 对话应答已回复！！

2021-07-01 11:50:41,580 - dualRobotInteractionMode.py[line:26] - INFO: 对话应答已回复！！

2021-07-01 11:50:47,381 - dualRobotInteractionMode.py[line:26] - INFO: 对话应答已回复！！

2021-07-01 11:50:47,598 - speechRecognitionMode.py[line:179] - INFO: 没有唤醒！！

2021-07-01 11:50:48,609 - dualRobotInteractionMode.py[line:26] - INFO: 对话应答已回复！！

2021-07-01 11:50:53,299 - dualRobotInteractionMode.py[line:26] - INFO: 对话应答已回复！！

2021-07-01 11:50:54,500 - dualRobotInteractionMode.py[line:26] - INFO: 对话应答已回复！！

2021-07-01 11:51:04,217 - speechRecognitionMode.py[line:179] - INFO: 没有唤醒！！

2021-07-01 11:55:16,994 - main.py[line:21] - INFO: 墨甲导览机器人启动入口
2021-07-01 11:55:17,058 - speechRecognitionMode.py[line:131] - INFO: 语音识别模块入口
2021-07-01 11:55:17,062 - mapRouteSettingMode.py[line:16] - INFO: 地图路线设置模块入口
2021-07-01 11:55:17,064 - dualRobotInteractionMode.py[line:119] - INFO: 双机器人互动模块入口
2021-07-01 11:55:17,065 - positionInformationFromChassisMode.py[line:47] - INFO: 底盘交互模块模块入口
2021-07-01 11:55:20,085 - speechRecognitionMode.py[line:143] - INFO: 唤醒成功！！

2021-07-01 11:55:20,123 - speechRecognitionMode.py[line:68] - INFO: 唤醒词音频为wakeUpResponse_shuobayoushenmwokeyibangni.mp3
2021-07-01 11:55:23,245 - speechRecognitionMode.py[line:42] - INFO: 对话应答已回复！！

2021-07-01 11:55:29,201 - speechRecognitionMode.py[line:152] - INFO: mojaAsr:请移动到点位一。
2021-07-01 11:55:30,037 - speechRecognitionMode.py[line:168] - INFO: intent: ROBOT_MOVE
slots: [{'word_type': '', 'fuzzy_matches': [], 'confidence': 0.09882287681102753, 'length': 4, 'name': 'user_robot_move', 'original_word': '请移动到', 'sub_slots': [], 'session_offset': 0, 'normalized_word': '请移动到', 'begin': 0, 'merge_method': 'ADD'}, {'word_type': '', 'fuzzy_matches': [], 'confidence': 0.7982473969459534, 'length': 3, 'name': 'user_robot_mv_target', 'original_word': '点位一', 'sub_slots': [], 'session_offset': 0, 'normalized_word': '点位一', 'begin': 4, 'merge_method': 'ADD'}]
2021-07-01 11:55:33,582 - speechRecognitionMode.py[line:42] - INFO: 对话应答已回复！！

2021-07-01 11:55:33,586 - mapRouteSettingMode.py[line:24] - INFO: 地图设置向模块底层发送数据
2021-07-01 11:55:33,586 - serialClass.py[line:65] - INFO: {'position2': '[-0.79,-0.26,0]'}
2021-07-01 11:55:33,598 - serialClass.py[line:140] - INFO: wifi:connecting
2021-07-01 11:55:33,598 - serialClass.py[line:152] - INFO: 导航主机连接WIFI: wifi:connecting
2021-07-01 11:55:33,598 - serialClass.py[line:133] - INFO: WIFI IP: )
2021-07-01 11:55:33,599 - serialClass.py[line:140] - INFO: set_flag_point:success
2021-07-01 11:55:33,599 - serialClass.py[line:148] - INFO: 给定目标点名称导航: set_flag_point:success
2021-07-01 11:55:33,600 - serialClass.py[line:140] - INFO: wifi:connect success
2021-07-01 11:55:33,600 - serialClass.py[line:152] - INFO: 导航主机连接WIFI: wifi:connect success
2021-07-01 11:55:33,613 - serialClass.py[line:140] - INFO: point:0
2021-07-01 11:55:33,613 - serialClass.py[line:148] - INFO: 给定目标点名称导航: point:0
2021-07-01 11:55:33,810 - serialClass.py[line:129] - INFO: move_status: 2
2021-07-01 11:55:33,816 - dualRobotInteractionMode.py[line:92] - INFO: 到达位置A
2021-07-01 11:55:33,948 - dualRobotInteractionMode.py[line:26] - INFO: 对话应答已回复！！

2021-07-01 11:55:50,129 - speechRecognitionMode.py[line:179] - INFO: 没有唤醒！！

2021-07-01 11:55:58,839 - main.py[line:21] - INFO: 墨甲导览机器人启动入口
2021-07-01 11:55:58,897 - speechRecognitionMode.py[line:131] - INFO: 语音识别模块入口
2021-07-01 11:55:58,899 - mapRouteSettingMode.py[line:16] - INFO: 地图路线设置模块入口
2021-07-01 11:55:58,900 - dualRobotInteractionMode.py[line:119] - INFO: 双机器人互动模块入口
2021-07-01 11:55:58,900 - positionInformationFromChassisMode.py[line:47] - INFO: 底盘交互模块模块入口
2021-07-01 11:56:03,935 - speechRecognitionMode.py[line:143] - INFO: 唤醒成功！！

2021-07-01 11:56:03,953 - speechRecognitionMode.py[line:68] - INFO: 唤醒词音频为wakeUpResponse_woxiangxiabanqingbuyaojiaowoo.mp3
2021-07-01 11:56:06,824 - speechRecognitionMode.py[line:42] - INFO: 对话应答已回复！！

2021-07-01 11:56:13,037 - speechRecognitionMode.py[line:152] - INFO: mojaAsr:请移动到典韦一。
2021-07-01 11:56:13,977 - speechRecognitionMode.py[line:168] - INFO: intent: ROBOT_MOVE
slots: [{'word_type': '', 'fuzzy_matches': [], 'confidence': 0.07442169636487961, 'length': 4, 'name': 'user_robot_move', 'original_word': '请移动到', 'sub_slots': [], 'session_offset': 0, 'normalized_word': '请移动到', 'begin': 0, 'merge_method': 'ADD'}]
2021-07-01 11:56:17,624 - speechRecognitionMode.py[line:42] - INFO: 对话应答已回复！！

2021-07-01 11:56:17,634 - mapRouteSettingMode.py[line:24] - INFO: 地图设置向模块底层发送数据
2021-07-01 11:56:17,634 - serialClass.py[line:65] - INFO: {'position2': '[-0.79,-0.26,0]'}
2021-07-01 11:56:17,640 - serialClass.py[line:140] - INFO: wifi:connecting
2021-07-01 11:56:17,640 - serialClass.py[line:152] - INFO: 导航主机连接WIFI: wifi:connecting
2021-07-01 11:56:17,640 - serialClass.py[line:133] - INFO: WIFI IP: )
2021-07-01 11:56:17,640 - serialClass.py[line:140] - INFO: set_flag_point:success
2021-07-01 11:56:17,640 - serialClass.py[line:148] - INFO: 给定目标点名称导航: set_flag_point:success
2021-07-01 11:56:17,641 - serialClass.py[line:140] - INFO: wifi:connect success
2021-07-01 11:56:17,642 - serialClass.py[line:152] - INFO: 导航主机连接WIFI: wifi:connect success
2021-07-01 11:56:17,645 - serialClass.py[line:140] - INFO: point:0
2021-07-01 11:56:17,645 - serialClass.py[line:148] - INFO: 给定目标点名称导航: point:0
2021-07-01 11:56:17,857 - serialClass.py[line:129] - INFO: move_status: 2
2021-07-01 11:56:17,864 - dualRobotInteractionMode.py[line:92] - INFO: 到达位置A
2021-07-01 11:56:18,002 - dualRobotInteractionMode.py[line:26] - INFO: 对话应答已回复！！

2021-07-01 11:56:23,980 - dualRobotInteractionMode.py[line:26] - INFO: 对话应答已回复！！

2021-07-01 11:56:26,221 - dualRobotInteractionMode.py[line:26] - INFO: 对话应答已回复！！

2021-07-01 11:56:26,932 - dualRobotInteractionMode.py[line:26] - INFO: 对话应答已回复！！

2021-07-01 11:56:28,186 - dualRobotInteractionMode.py[line:26] - INFO: 对话应答已回复！！

2021-07-01 11:56:33,988 - dualRobotInteractionMode.py[line:26] - INFO: 对话应答已回复！！

2021-07-01 11:56:34,197 - speechRecognitionMode.py[line:179] - INFO: 没有唤醒！！

2021-07-01 11:56:35,175 - dualRobotInteractionMode.py[line:26] - INFO: 对话应答已回复！！

2021-07-01 11:56:39,921 - dualRobotInteractionMode.py[line:26] - INFO: 对话应答已回复！！

2021-07-01 11:56:41,113 - dualRobotInteractionMode.py[line:26] - INFO: 对话应答已回复！！

2021-07-01 11:56:46,984 - dualRobotInteractionMode.py[line:26] - INFO: 对话应答已回复！！

2021-07-01 11:56:50,216 - dualRobotInteractionMode.py[line:26] - INFO: 对话应答已回复！！

2021-07-01 11:56:50,813 - speechRecognitionMode.py[line:179] - INFO: 没有唤醒！！

2021-07-01 11:56:50,922 - dualRobotInteractionMode.py[line:26] - INFO: 对话应答已回复！！

2021-07-01 11:56:52,121 - dualRobotInteractionMode.py[line:26] - INFO: 对话应答已回复！！

2021-07-01 11:57:07,425 - speechRecognitionMode.py[line:179] - INFO: 没有唤醒！！

